Determining if the pthread_create exist failed with the following output:
Change Dir: /home/ubuntu/catkin_ws/build/cob_extern/opengm/EP_opengm-prefix/src/EP_opengm-build/CMakeFiles/CMakeTmp

Run Build Command:"/usr/bin/make" "cmTC_1f1ce/fast"
make[3]: Entering directory '/home/ubuntu/catkin_ws/build/cob_extern/opengm/EP_opengm-prefix/src/EP_opengm-build/CMakeFiles/CMakeTmp'
/usr/bin/make -f CMakeFiles/cmTC_1f1ce.dir/build.make CMakeFiles/cmTC_1f1ce.dir/build
make[4]: Entering directory '/home/ubuntu/catkin_ws/build/cob_extern/opengm/EP_opengm-prefix/src/EP_opengm-build/CMakeFiles/CMakeTmp'
Building C object CMakeFiles/cmTC_1f1ce.dir/CheckSymbolExists.c.o
/usr/bin/cc     -o CMakeFiles/cmTC_1f1ce.dir/CheckSymbolExists.c.o   -c /home/ubuntu/catkin_ws/build/cob_extern/opengm/EP_opengm-prefix/src/EP_opengm-build/CMakeFiles/CMakeTmp/CheckSymbolExists.c
Linking C executable cmTC_1f1ce
/usr/bin/cmake -E cmake_link_script CMakeFiles/cmTC_1f1ce.dir/link.txt --verbose=1
/usr/bin/cc       CMakeFiles/cmTC_1f1ce.dir/CheckSymbolExists.c.o  -o cmTC_1f1ce -rdynamic 
CMakeFiles/cmTC_1f1ce.dir/CheckSymbolExists.c.o: In function `main':
CheckSymbolExists.c:(.text+0x16): undefined reference to `pthread_create'
collect2: error: ld returned 1 exit status
CMakeFiles/cmTC_1f1ce.dir/build.make:97: recipe for target 'cmTC_1f1ce' failed
make[4]: *** [cmTC_1f1ce] Error 1
make[4]: Leaving directory '/home/ubuntu/catkin_ws/build/cob_extern/opengm/EP_opengm-prefix/src/EP_opengm-build/CMakeFiles/CMakeTmp'
Makefile:126: recipe for target 'cmTC_1f1ce/fast' failed
make[3]: *** [cmTC_1f1ce/fast] Error 2
make[3]: Leaving directory '/home/ubuntu/catkin_ws/build/cob_extern/opengm/EP_opengm-prefix/src/EP_opengm-build/CMakeFiles/CMakeTmp'

File /home/ubuntu/catkin_ws/build/cob_extern/opengm/EP_opengm-prefix/src/EP_opengm-build/CMakeFiles/CMakeTmp/CheckSymbolExists.c:
/* */
#include <pthread.h>

int main(int argc, char** argv)
{
  (void)argv;
#ifndef pthread_create
  return ((int*)(&pthread_create))[argc];
#else
  (void)argc;
  return 0;
#endif
}

Determining if the function pthread_create exists in the pthreads failed with the following output:
Change Dir: /home/ubuntu/catkin_ws/build/cob_extern/opengm/EP_opengm-prefix/src/EP_opengm-build/CMakeFiles/CMakeTmp

Run Build Command:"/usr/bin/make" "cmTC_99498/fast"
make[3]: Entering directory '/home/ubuntu/catkin_ws/build/cob_extern/opengm/EP_opengm-prefix/src/EP_opengm-build/CMakeFiles/CMakeTmp'
/usr/bin/make -f CMakeFiles/cmTC_99498.dir/build.make CMakeFiles/cmTC_99498.dir/build
make[4]: Entering directory '/home/ubuntu/catkin_ws/build/cob_extern/opengm/EP_opengm-prefix/src/EP_opengm-build/CMakeFiles/CMakeTmp'
Building C object CMakeFiles/cmTC_99498.dir/CheckFunctionExists.c.o
/usr/bin/cc    -DCHECK_FUNCTION_EXISTS=pthread_create   -o CMakeFiles/cmTC_99498.dir/CheckFunctionExists.c.o   -c /usr/share/cmake-3.5/Modules/CheckFunctionExists.c
Linking C executable cmTC_99498
/usr/bin/cmake -E cmake_link_script CMakeFiles/cmTC_99498.dir/link.txt --verbose=1
/usr/bin/cc   -DCHECK_FUNCTION_EXISTS=pthread_create    CMakeFiles/cmTC_99498.dir/CheckFunctionExists.c.o  -o cmTC_99498 -rdynamic -lpthreads 
/usr/bin/ld: cannot find -lpthreads
collect2: error: ld returned 1 exit status
CMakeFiles/cmTC_99498.dir/build.make:97: recipe for target 'cmTC_99498' failed
make[4]: *** [cmTC_99498] Error 1
make[4]: Leaving directory '/home/ubuntu/catkin_ws/build/cob_extern/opengm/EP_opengm-prefix/src/EP_opengm-build/CMakeFiles/CMakeTmp'
Makefile:126: recipe for target 'cmTC_99498/fast' failed
make[3]: *** [cmTC_99498/fast] Error 2
make[3]: Leaving directory '/home/ubuntu/catkin_ws/build/cob_extern/opengm/EP_opengm-prefix/src/EP_opengm-build/CMakeFiles/CMakeTmp'


