The system is: Linux - 4.15.0-142-generic - x86_64
Compiling the C compiler identification source file "CMakeCCompilerId.c" succeeded.
Compiler: /usr/bin/cc 
Build flags: 
Id flags: 

The output was:
0


Compilation of the C compiler identification source "CMakeCCompilerId.c" produced "a.out"

The C compiler identification is GNU, found in "/home/ubuntu/catkin_ws/build/cob_extern/opengm/EP_opengm-prefix/src/EP_opengm-build/CMakeFiles/3.5.1/CompilerIdC/a.out"

Compiling the CXX compiler identification source file "CMakeCXXCompilerId.cpp" succeeded.
Compiler: /usr/bin/c++ 
Build flags: 
Id flags: 

The output was:
0


Compilation of the CXX compiler identification source "CMakeCXXCompilerId.cpp" produced "a.out"

The CXX compiler identification is GNU, found in "/home/ubuntu/catkin_ws/build/cob_extern/opengm/EP_opengm-prefix/src/EP_opengm-build/CMakeFiles/3.5.1/CompilerIdCXX/a.out"

Determining if the C compiler works passed with the following output:
Change Dir: /home/ubuntu/catkin_ws/build/cob_extern/opengm/EP_opengm-prefix/src/EP_opengm-build/CMakeFiles/CMakeTmp

Run Build Command:"/usr/bin/make" "cmTC_06ac4/fast"
make[3]: Entering directory '/home/ubuntu/catkin_ws/build/cob_extern/opengm/EP_opengm-prefix/src/EP_opengm-build/CMakeFiles/CMakeTmp'
/usr/bin/make -f CMakeFiles/cmTC_06ac4.dir/build.make CMakeFiles/cmTC_06ac4.dir/build
make[4]: Entering directory '/home/ubuntu/catkin_ws/build/cob_extern/opengm/EP_opengm-prefix/src/EP_opengm-build/CMakeFiles/CMakeTmp'
Building C object CMakeFiles/cmTC_06ac4.dir/testCCompiler.c.o
/usr/bin/cc     -o CMakeFiles/cmTC_06ac4.dir/testCCompiler.c.o   -c /home/ubuntu/catkin_ws/build/cob_extern/opengm/EP_opengm-prefix/src/EP_opengm-build/CMakeFiles/CMakeTmp/testCCompiler.c
Linking C executable cmTC_06ac4
/usr/bin/cmake -E cmake_link_script CMakeFiles/cmTC_06ac4.dir/link.txt --verbose=1
/usr/bin/cc       CMakeFiles/cmTC_06ac4.dir/testCCompiler.c.o  -o cmTC_06ac4 -rdynamic 
make[4]: Leaving directory '/home/ubuntu/catkin_ws/build/cob_extern/opengm/EP_opengm-prefix/src/EP_opengm-build/CMakeFiles/CMakeTmp'
make[3]: Leaving directory '/home/ubuntu/catkin_ws/build/cob_extern/opengm/EP_opengm-prefix/src/EP_opengm-build/CMakeFiles/CMakeTmp'


Detecting C compiler ABI info compiled with the following output:
Change Dir: /home/ubuntu/catkin_ws/build/cob_extern/opengm/EP_opengm-prefix/src/EP_opengm-build/CMakeFiles/CMakeTmp

Run Build Command:"/usr/bin/make" "cmTC_115b7/fast"
make[3]: Entering directory '/home/ubuntu/catkin_ws/build/cob_extern/opengm/EP_opengm-prefix/src/EP_opengm-build/CMakeFiles/CMakeTmp'
/usr/bin/make -f CMakeFiles/cmTC_115b7.dir/build.make CMakeFiles/cmTC_115b7.dir/build
make[4]: Entering directory '/home/ubuntu/catkin_ws/build/cob_extern/opengm/EP_opengm-prefix/src/EP_opengm-build/CMakeFiles/CMakeTmp'
Building C object CMakeFiles/cmTC_115b7.dir/CMakeCCompilerABI.c.o
/usr/bin/cc     -o CMakeFiles/cmTC_115b7.dir/CMakeCCompilerABI.c.o   -c /usr/share/cmake-3.5/Modules/CMakeCCompilerABI.c
Linking C executable cmTC_115b7
/usr/bin/cmake -E cmake_link_script CMakeFiles/cmTC_115b7.dir/link.txt --verbose=1
/usr/bin/cc      -v CMakeFiles/cmTC_115b7.dir/CMakeCCompilerABI.c.o  -o cmTC_115b7 -rdynamic  
Using built-in specs.
COLLECT_GCC=/usr/bin/cc
COLLECT_LTO_WRAPPER=/usr/lib/gcc/x86_64-linux-gnu/5/lto-wrapper
Target: x86_64-linux-gnu
Configured with: ../src/configure -v --with-pkgversion='Ubuntu 5.4.0-6ubuntu1~16.04.12' --with-bugurl=file:///usr/share/doc/gcc-5/README.Bugs --enable-languages=c,ada,c++,java,go,d,fortran,objc,obj-c++ --prefix=/usr --program-suffix=-5 --enable-shared --enable-linker-build-id --libexecdir=/usr/lib --without-included-gettext --enable-threads=posix --libdir=/usr/lib --enable-nls --with-sysroot=/ --enable-clocale=gnu --enable-libstdcxx-debug --enable-libstdcxx-time=yes --with-default-libstdcxx-abi=new --enable-gnu-unique-object --disable-vtable-verify --enable-libmpx --enable-plugin --with-system-zlib --disable-browser-plugin --enable-java-awt=gtk --enable-gtk-cairo --with-java-home=/usr/lib/jvm/java-1.5.0-gcj-5-amd64/jre --enable-java-home --with-jvm-root-dir=/usr/lib/jvm/java-1.5.0-gcj-5-amd64 --with-jvm-jar-dir=/usr/lib/jvm-exports/java-1.5.0-gcj-5-amd64 --with-arch-directory=amd64 --with-ecj-jar=/usr/share/java/eclipse-ecj.jar --enable-objc-gc --enable-multiarch --disable-werror --with-arch-32=i686 --with-abi=m64 --with-multilib-list=m32,m64,mx32 --enable-multilib --with-tune=generic --enable-checking=release --build=x86_64-linux-gnu --host=x86_64-linux-gnu --target=x86_64-linux-gnu
Thread model: posix
gcc version 5.4.0 20160609 (Ubuntu 5.4.0-6ubuntu1~16.04.12) 
COMPILER_PATH=/usr/lib/gcc/x86_64-linux-gnu/5/:/usr/lib/gcc/x86_64-linux-gnu/5/:/usr/lib/gcc/x86_64-linux-gnu/:/usr/lib/gcc/x86_64-linux-gnu/5/:/usr/lib/gcc/x86_64-linux-gnu/
LIBRARY_PATH=/usr/lib/gcc/x86_64-linux-gnu/5/:/usr/lib/gcc/x86_64-linux-gnu/5/../../../x86_64-linux-gnu/:/usr/lib/gcc/x86_64-linux-gnu/5/../../../../lib/:/lib/x86_64-linux-gnu/:/lib/../lib/:/usr/lib/x86_64-linux-gnu/:/usr/lib/../lib/:/usr/lib/gcc/x86_64-linux-gnu/5/../../../:/lib/:/usr/lib/
COLLECT_GCC_OPTIONS='-v' '-o' 'cmTC_115b7' '-rdynamic' '-mtune=generic' '-march=x86-64'
 /usr/lib/gcc/x86_64-linux-gnu/5/collect2 -plugin /usr/lib/gcc/x86_64-linux-gnu/5/liblto_plugin.so -plugin-opt=/usr/lib/gcc/x86_64-linux-gnu/5/lto-wrapper -plugin-opt=-fresolution=/tmp/ccACUWL5.res -plugin-opt=-pass-through=-lgcc -plugin-opt=-pass-through=-lgcc_s -plugin-opt=-pass-through=-lc -plugin-opt=-pass-through=-lgcc -plugin-opt=-pass-through=-lgcc_s --sysroot=/ --build-id --eh-frame-hdr -m elf_x86_64 --hash-style=gnu --as-needed -export-dynamic -dynamic-linker /lib64/ld-linux-x86-64.so.2 -z relro -o cmTC_115b7 /usr/lib/gcc/x86_64-linux-gnu/5/../../../x86_64-linux-gnu/crt1.o /usr/lib/gcc/x86_64-linux-gnu/5/../../../x86_64-linux-gnu/crti.o /usr/lib/gcc/x86_64-linux-gnu/5/crtbegin.o -L/usr/lib/gcc/x86_64-linux-gnu/5 -L/usr/lib/gcc/x86_64-linux-gnu/5/../../../x86_64-linux-gnu -L/usr/lib/gcc/x86_64-linux-gnu/5/../../../../lib -L/lib/x86_64-linux-gnu -L/lib/../lib -L/usr/lib/x86_64-linux-gnu -L/usr/lib/../lib -L/usr/lib/gcc/x86_64-linux-gnu/5/../../.. CMakeFiles/cmTC_115b7.dir/CMakeCCompilerABI.c.o -lgcc --as-needed -lgcc_s --no-as-needed -lc -lgcc --as-needed -lgcc_s --no-as-needed /usr/lib/gcc/x86_64-linux-gnu/5/crtend.o /usr/lib/gcc/x86_64-linux-gnu/5/../../../x86_64-linux-gnu/crtn.o
make[4]: Leaving directory '/home/ubuntu/catkin_ws/build/cob_extern/opengm/EP_opengm-prefix/src/EP_opengm-build/CMakeFiles/CMakeTmp'
make[3]: Leaving directory '/home/ubuntu/catkin_ws/build/cob_extern/opengm/EP_opengm-prefix/src/EP_opengm-build/CMakeFiles/CMakeTmp'


Parsed C implicit link information from above output:
  link line regex: [^( *|.*[/\])(ld|([^/\]+-)?ld|collect2)[^/\]*( |$)]
  ignore line: [Change Dir: /home/ubuntu/catkin_ws/build/cob_extern/opengm/EP_opengm-prefix/src/EP_opengm-build/CMakeFiles/CMakeTmp]
  ignore line: []
  ignore line: [Run Build Command:"/usr/bin/make" "cmTC_115b7/fast"]
  ignore line: [make[3]: Entering directory '/home/ubuntu/catkin_ws/build/cob_extern/opengm/EP_opengm-prefix/src/EP_opengm-build/CMakeFiles/CMakeTmp']
  ignore line: [/usr/bin/make -f CMakeFiles/cmTC_115b7.dir/build.make CMakeFiles/cmTC_115b7.dir/build]
  ignore line: [make[4]: Entering directory '/home/ubuntu/catkin_ws/build/cob_extern/opengm/EP_opengm-prefix/src/EP_opengm-build/CMakeFiles/CMakeTmp']
  ignore line: [Building C object CMakeFiles/cmTC_115b7.dir/CMakeCCompilerABI.c.o]
  ignore line: [/usr/bin/cc     -o CMakeFiles/cmTC_115b7.dir/CMakeCCompilerABI.c.o   -c /usr/share/cmake-3.5/Modules/CMakeCCompilerABI.c]
  ignore line: [Linking C executable cmTC_115b7]
  ignore line: [/usr/bin/cmake -E cmake_link_script CMakeFiles/cmTC_115b7.dir/link.txt --verbose=1]
  ignore line: [/usr/bin/cc      -v CMakeFiles/cmTC_115b7.dir/CMakeCCompilerABI.c.o  -o cmTC_115b7 -rdynamic  ]
  ignore line: [Using built-in specs.]
  ignore line: [COLLECT_GCC=/usr/bin/cc]
  ignore line: [COLLECT_LTO_WRAPPER=/usr/lib/gcc/x86_64-linux-gnu/5/lto-wrapper]
  ignore line: [Target: x86_64-linux-gnu]
  ignore line: [Configured with: ../src/configure -v --with-pkgversion='Ubuntu 5.4.0-6ubuntu1~16.04.12' --with-bugurl=file:///usr/share/doc/gcc-5/README.Bugs --enable-languages=c,ada,c++,java,go,d,fortran,objc,obj-c++ --prefix=/usr --program-suffix=-5 --enable-shared --enable-linker-build-id --libexecdir=/usr/lib --without-included-gettext --enable-threads=posix --libdir=/usr/lib --enable-nls --with-sysroot=/ --enable-clocale=gnu --enable-libstdcxx-debug --enable-libstdcxx-time=yes --with-default-libstdcxx-abi=new --enable-gnu-unique-object --disable-vtable-verify --enable-libmpx --enable-plugin --with-system-zlib --disable-browser-plugin --enable-java-awt=gtk --enable-gtk-cairo --with-java-home=/usr/lib/jvm/java-1.5.0-gcj-5-amd64/jre --enable-java-home --with-jvm-root-dir=/usr/lib/jvm/java-1.5.0-gcj-5-amd64 --with-jvm-jar-dir=/usr/lib/jvm-exports/java-1.5.0-gcj-5-amd64 --with-arch-directory=amd64 --with-ecj-jar=/usr/share/java/eclipse-ecj.jar --enable-objc-gc --enable-multiarch --disable-werror --with-arch-32=i686 --with-abi=m64 --with-multilib-list=m32,m64,mx32 --enable-multilib --with-tune=generic --enable-checking=release --build=x86_64-linux-gnu --host=x86_64-linux-gnu --target=x86_64-linux-gnu]
  ignore line: [Thread model: posix]
  ignore line: [gcc version 5.4.0 20160609 (Ubuntu 5.4.0-6ubuntu1~16.04.12) ]
  ignore line: [COMPILER_PATH=/usr/lib/gcc/x86_64-linux-gnu/5/:/usr/lib/gcc/x86_64-linux-gnu/5/:/usr/lib/gcc/x86_64-linux-gnu/:/usr/lib/gcc/x86_64-linux-gnu/5/:/usr/lib/gcc/x86_64-linux-gnu/]
  ignore line: [LIBRARY_PATH=/usr/lib/gcc/x86_64-linux-gnu/5/:/usr/lib/gcc/x86_64-linux-gnu/5/../../../x86_64-linux-gnu/:/usr/lib/gcc/x86_64-linux-gnu/5/../../../../lib/:/lib/x86_64-linux-gnu/:/lib/../lib/:/usr/lib/x86_64-linux-gnu/:/usr/lib/../lib/:/usr/lib/gcc/x86_64-linux-gnu/5/../../../:/lib/:/usr/lib/]
  ignore line: [COLLECT_GCC_OPTIONS='-v' '-o' 'cmTC_115b7' '-rdynamic' '-mtune=generic' '-march=x86-64']
  link line: [ /usr/lib/gcc/x86_64-linux-gnu/5/collect2 -plugin /usr/lib/gcc/x86_64-linux-gnu/5/liblto_plugin.so -plugin-opt=/usr/lib/gcc/x86_64-linux-gnu/5/lto-wrapper -plugin-opt=-fresolution=/tmp/ccACUWL5.res -plugin-opt=-pass-through=-lgcc -plugin-opt=-pass-through=-lgcc_s -plugin-opt=-pass-through=-lc -plugin-opt=-pass-through=-lgcc -plugin-opt=-pass-through=-lgcc_s --sysroot=/ --build-id --eh-frame-hdr -m elf_x86_64 --hash-style=gnu --as-needed -export-dynamic -dynamic-linker /lib64/ld-linux-x86-64.so.2 -z relro -o cmTC_115b7 /usr/lib/gcc/x86_64-linux-gnu/5/../../../x86_64-linux-gnu/crt1.o /usr/lib/gcc/x86_64-linux-gnu/5/../../../x86_64-linux-gnu/crti.o /usr/lib/gcc/x86_64-linux-gnu/5/crtbegin.o -L/usr/lib/gcc/x86_64-linux-gnu/5 -L/usr/lib/gcc/x86_64-linux-gnu/5/../../../x86_64-linux-gnu -L/usr/lib/gcc/x86_64-linux-gnu/5/../../../../lib -L/lib/x86_64-linux-gnu -L/lib/../lib -L/usr/lib/x86_64-linux-gnu -L/usr/lib/../lib -L/usr/lib/gcc/x86_64-linux-gnu/5/../../.. CMakeFiles/cmTC_115b7.dir/CMakeCCompilerABI.c.o -lgcc --as-needed -lgcc_s --no-as-needed -lc -lgcc --as-needed -lgcc_s --no-as-needed /usr/lib/gcc/x86_64-linux-gnu/5/crtend.o /usr/lib/gcc/x86_64-linux-gnu/5/../../../x86_64-linux-gnu/crtn.o]
    arg [/usr/lib/gcc/x86_64-linux-gnu/5/collect2] ==> ignore
    arg [-plugin] ==> ignore
    arg [/usr/lib/gcc/x86_64-linux-gnu/5/liblto_plugin.so] ==> ignore
    arg [-plugin-opt=/usr/lib/gcc/x86_64-linux-gnu/5/lto-wrapper] ==> ignore
    arg [-plugin-opt=-fresolution=/tmp/ccACUWL5.res] ==> ignore
    arg [-plugin-opt=-pass-through=-lgcc] ==> ignore
    arg [-plugin-opt=-pass-through=-lgcc_s] ==> ignore
    arg [-plugin-opt=-pass-through=-lc] ==> ignore
    arg [-plugin-opt=-pass-through=-lgcc] ==> ignore
    arg [-plugin-opt=-pass-through=-lgcc_s] ==> ignore
    arg [--sysroot=/] ==> ignore
    arg [--build-id] ==> ignore
    arg [--eh-frame-hdr] ==> ignore
    arg [-m] ==> ignore
    arg [elf_x86_64] ==> ignore
    arg [--hash-style=gnu] ==> ignore
    arg [--as-needed] ==> ignore
    arg [-export-dynamic] ==> ignore
    arg [-dynamic-linker] ==> ignore
    arg [/lib64/ld-linux-x86-64.so.2] ==> ignore
    arg [-zrelro] ==> ignore
    arg [-o] ==> ignore
    arg [cmTC_115b7] ==> ignore
    arg [/usr/lib/gcc/x86_64-linux-gnu/5/../../../x86_64-linux-gnu/crt1.o] ==> ignore
    arg [/usr/lib/gcc/x86_64-linux-gnu/5/../../../x86_64-linux-gnu/crti.o] ==> ignore
    arg [/usr/lib/gcc/x86_64-linux-gnu/5/crtbegin.o] ==> ignore
    arg [-L/usr/lib/gcc/x86_64-linux-gnu/5] ==> dir [/usr/lib/gcc/x86_64-linux-gnu/5]
    arg [-L/usr/lib/gcc/x86_64-linux-gnu/5/../../../x86_64-linux-gnu] ==> dir [/usr/lib/gcc/x86_64-linux-gnu/5/../../../x86_64-linux-gnu]
    arg [-L/usr/lib/gcc/x86_64-linux-gnu/5/../../../../lib] ==> dir [/usr/lib/gcc/x86_64-linux-gnu/5/../../../../lib]
    arg [-L/lib/x86_64-linux-gnu] ==> dir [/lib/x86_64-linux-gnu]
    arg [-L/lib/../lib] ==> dir [/lib/../lib]
    arg [-L/usr/lib/x86_64-linux-gnu] ==> dir [/usr/lib/x86_64-linux-gnu]
    arg [-L/usr/lib/../lib] ==> dir [/usr/lib/../lib]
    arg [-L/usr/lib/gcc/x86_64-linux-gnu/5/../../..] ==> dir [/usr/lib/gcc/x86_64-linux-gnu/5/../../..]
    arg [CMakeFiles/cmTC_115b7.dir/CMakeCCompilerABI.c.o] ==> ignore
    arg [-lgcc] ==> lib [gcc]
    arg [--as-needed] ==> ignore
    arg [-lgcc_s] ==> lib [gcc_s]
    arg [--no-as-needed] ==> ignore
    arg [-lc] ==> lib [c]
    arg [-lgcc] ==> lib [gcc]
    arg [--as-needed] ==> ignore
    arg [-lgcc_s] ==> lib [gcc_s]
    arg [--no-as-needed] ==> ignore
    arg [/usr/lib/gcc/x86_64-linux-gnu/5/crtend.o] ==> ignore
    arg [/usr/lib/gcc/x86_64-linux-gnu/5/../../../x86_64-linux-gnu/crtn.o] ==> ignore
  remove lib [gcc]
  remove lib [gcc_s]
  remove lib [gcc]
  remove lib [gcc_s]
  collapse library dir [/usr/lib/gcc/x86_64-linux-gnu/5] ==> [/usr/lib/gcc/x86_64-linux-gnu/5]
  collapse library dir [/usr/lib/gcc/x86_64-linux-gnu/5/../../../x86_64-linux-gnu] ==> [/usr/lib/x86_64-linux-gnu]
  collapse library dir [/usr/lib/gcc/x86_64-linux-gnu/5/../../../../lib] ==> [/usr/lib]
  collapse library dir [/lib/x86_64-linux-gnu] ==> [/lib/x86_64-linux-gnu]
  collapse library dir [/lib/../lib] ==> [/lib]
  collapse library dir [/usr/lib/x86_64-linux-gnu] ==> [/usr/lib/x86_64-linux-gnu]
  collapse library dir [/usr/lib/../lib] ==> [/usr/lib]
  collapse library dir [/usr/lib/gcc/x86_64-linux-gnu/5/../../..] ==> [/usr/lib]
  implicit libs: [c]
  implicit dirs: [/usr/lib/gcc/x86_64-linux-gnu/5;/usr/lib/x86_64-linux-gnu;/usr/lib;/lib/x86_64-linux-gnu;/lib]
  implicit fwks: []




Detecting C [-std=c11] compiler features compiled with the following output:
Change Dir: /home/ubuntu/catkin_ws/build/cob_extern/opengm/EP_opengm-prefix/src/EP_opengm-build/CMakeFiles/CMakeTmp

Run Build Command:"/usr/bin/make" "cmTC_e7fc3/fast"
make[3]: Entering directory '/home/ubuntu/catkin_ws/build/cob_extern/opengm/EP_opengm-prefix/src/EP_opengm-build/CMakeFiles/CMakeTmp'
/usr/bin/make -f CMakeFiles/cmTC_e7fc3.dir/build.make CMakeFiles/cmTC_e7fc3.dir/build
make[4]: Entering directory '/home/ubuntu/catkin_ws/build/cob_extern/opengm/EP_opengm-prefix/src/EP_opengm-build/CMakeFiles/CMakeTmp'
Building C object CMakeFiles/cmTC_e7fc3.dir/feature_tests.c.o
/usr/bin/cc    -std=c11 -o CMakeFiles/cmTC_e7fc3.dir/feature_tests.c.o   -c /home/ubuntu/catkin_ws/build/cob_extern/opengm/EP_opengm-prefix/src/EP_opengm-build/CMakeFiles/feature_tests.c
Linking C executable cmTC_e7fc3
/usr/bin/cmake -E cmake_link_script CMakeFiles/cmTC_e7fc3.dir/link.txt --verbose=1
/usr/bin/cc       CMakeFiles/cmTC_e7fc3.dir/feature_tests.c.o  -o cmTC_e7fc3 -rdynamic 
make[4]: Leaving directory '/home/ubuntu/catkin_ws/build/cob_extern/opengm/EP_opengm-prefix/src/EP_opengm-build/CMakeFiles/CMakeTmp'
make[3]: Leaving directory '/home/ubuntu/catkin_ws/build/cob_extern/opengm/EP_opengm-prefix/src/EP_opengm-build/CMakeFiles/CMakeTmp'


    Feature record: C_FEATURE:1c_function_prototypes
    Feature record: C_FEATURE:1c_restrict
    Feature record: C_FEATURE:1c_static_assert
    Feature record: C_FEATURE:1c_variadic_macros


Detecting C [-std=c99] compiler features compiled with the following output:
Change Dir: /home/ubuntu/catkin_ws/build/cob_extern/opengm/EP_opengm-prefix/src/EP_opengm-build/CMakeFiles/CMakeTmp

Run Build Command:"/usr/bin/make" "cmTC_14f1b/fast"
make[3]: Entering directory '/home/ubuntu/catkin_ws/build/cob_extern/opengm/EP_opengm-prefix/src/EP_opengm-build/CMakeFiles/CMakeTmp'
/usr/bin/make -f CMakeFiles/cmTC_14f1b.dir/build.make CMakeFiles/cmTC_14f1b.dir/build
make[4]: Entering directory '/home/ubuntu/catkin_ws/build/cob_extern/opengm/EP_opengm-prefix/src/EP_opengm-build/CMakeFiles/CMakeTmp'
Building C object CMakeFiles/cmTC_14f1b.dir/feature_tests.c.o
/usr/bin/cc    -std=c99 -o CMakeFiles/cmTC_14f1b.dir/feature_tests.c.o   -c /home/ubuntu/catkin_ws/build/cob_extern/opengm/EP_opengm-prefix/src/EP_opengm-build/CMakeFiles/feature_tests.c
Linking C executable cmTC_14f1b
/usr/bin/cmake -E cmake_link_script CMakeFiles/cmTC_14f1b.dir/link.txt --verbose=1
/usr/bin/cc       CMakeFiles/cmTC_14f1b.dir/feature_tests.c.o  -o cmTC_14f1b -rdynamic 
make[4]: Leaving directory '/home/ubuntu/catkin_ws/build/cob_extern/opengm/EP_opengm-prefix/src/EP_opengm-build/CMakeFiles/CMakeTmp'
make[3]: Leaving directory '/home/ubuntu/catkin_ws/build/cob_extern/opengm/EP_opengm-prefix/src/EP_opengm-build/CMakeFiles/CMakeTmp'


    Feature record: C_FEATURE:1c_function_prototypes
    Feature record: C_FEATURE:1c_restrict
    Feature record: C_FEATURE:0c_static_assert
    Feature record: C_FEATURE:1c_variadic_macros


Detecting C [-std=c90] compiler features compiled with the following output:
Change Dir: /home/ubuntu/catkin_ws/build/cob_extern/opengm/EP_opengm-prefix/src/EP_opengm-build/CMakeFiles/CMakeTmp

Run Build Command:"/usr/bin/make" "cmTC_f5449/fast"
make[3]: Entering directory '/home/ubuntu/catkin_ws/build/cob_extern/opengm/EP_opengm-prefix/src/EP_opengm-build/CMakeFiles/CMakeTmp'
/usr/bin/make -f CMakeFiles/cmTC_f5449.dir/build.make CMakeFiles/cmTC_f5449.dir/build
make[4]: Entering directory '/home/ubuntu/catkin_ws/build/cob_extern/opengm/EP_opengm-prefix/src/EP_opengm-build/CMakeFiles/CMakeTmp'
Building C object CMakeFiles/cmTC_f5449.dir/feature_tests.c.o
/usr/bin/cc    -std=c90 -o CMakeFiles/cmTC_f5449.dir/feature_tests.c.o   -c /home/ubuntu/catkin_ws/build/cob_extern/opengm/EP_opengm-prefix/src/EP_opengm-build/CMakeFiles/feature_tests.c
Linking C executable cmTC_f5449
/usr/bin/cmake -E cmake_link_script CMakeFiles/cmTC_f5449.dir/link.txt --verbose=1
/usr/bin/cc       CMakeFiles/cmTC_f5449.dir/feature_tests.c.o  -o cmTC_f5449 -rdynamic 
make[4]: Leaving directory '/home/ubuntu/catkin_ws/build/cob_extern/opengm/EP_opengm-prefix/src/EP_opengm-build/CMakeFiles/CMakeTmp'
make[3]: Leaving directory '/home/ubuntu/catkin_ws/build/cob_extern/opengm/EP_opengm-prefix/src/EP_opengm-build/CMakeFiles/CMakeTmp'


    Feature record: C_FEATURE:1c_function_prototypes
    Feature record: C_FEATURE:0c_restrict
    Feature record: C_FEATURE:0c_static_assert
    Feature record: C_FEATURE:0c_variadic_macros
Determining if the CXX compiler works passed with the following output:
Change Dir: /home/ubuntu/catkin_ws/build/cob_extern/opengm/EP_opengm-prefix/src/EP_opengm-build/CMakeFiles/CMakeTmp

Run Build Command:"/usr/bin/make" "cmTC_6a819/fast"
make[3]: Entering directory '/home/ubuntu/catkin_ws/build/cob_extern/opengm/EP_opengm-prefix/src/EP_opengm-build/CMakeFiles/CMakeTmp'
/usr/bin/make -f CMakeFiles/cmTC_6a819.dir/build.make CMakeFiles/cmTC_6a819.dir/build
make[4]: Entering directory '/home/ubuntu/catkin_ws/build/cob_extern/opengm/EP_opengm-prefix/src/EP_opengm-build/CMakeFiles/CMakeTmp'
Building CXX object CMakeFiles/cmTC_6a819.dir/testCXXCompiler.cxx.o
/usr/bin/c++      -o CMakeFiles/cmTC_6a819.dir/testCXXCompiler.cxx.o -c /home/ubuntu/catkin_ws/build/cob_extern/opengm/EP_opengm-prefix/src/EP_opengm-build/CMakeFiles/CMakeTmp/testCXXCompiler.cxx
Linking CXX executable cmTC_6a819
/usr/bin/cmake -E cmake_link_script CMakeFiles/cmTC_6a819.dir/link.txt --verbose=1
/usr/bin/c++        CMakeFiles/cmTC_6a819.dir/testCXXCompiler.cxx.o  -o cmTC_6a819 -rdynamic 
make[4]: Leaving directory '/home/ubuntu/catkin_ws/build/cob_extern/opengm/EP_opengm-prefix/src/EP_opengm-build/CMakeFiles/CMakeTmp'
make[3]: Leaving directory '/home/ubuntu/catkin_ws/build/cob_extern/opengm/EP_opengm-prefix/src/EP_opengm-build/CMakeFiles/CMakeTmp'


Detecting CXX compiler ABI info compiled with the following output:
Change Dir: /home/ubuntu/catkin_ws/build/cob_extern/opengm/EP_opengm-prefix/src/EP_opengm-build/CMakeFiles/CMakeTmp

Run Build Command:"/usr/bin/make" "cmTC_16915/fast"
make[3]: Entering directory '/home/ubuntu/catkin_ws/build/cob_extern/opengm/EP_opengm-prefix/src/EP_opengm-build/CMakeFiles/CMakeTmp'
/usr/bin/make -f CMakeFiles/cmTC_16915.dir/build.make CMakeFiles/cmTC_16915.dir/build
make[4]: Entering directory '/home/ubuntu/catkin_ws/build/cob_extern/opengm/EP_opengm-prefix/src/EP_opengm-build/CMakeFiles/CMakeTmp'
Building CXX object CMakeFiles/cmTC_16915.dir/CMakeCXXCompilerABI.cpp.o
/usr/bin/c++      -o CMakeFiles/cmTC_16915.dir/CMakeCXXCompilerABI.cpp.o -c /usr/share/cmake-3.5/Modules/CMakeCXXCompilerABI.cpp
Linking CXX executable cmTC_16915
/usr/bin/cmake -E cmake_link_script CMakeFiles/cmTC_16915.dir/link.txt --verbose=1
/usr/bin/c++       -v CMakeFiles/cmTC_16915.dir/CMakeCXXCompilerABI.cpp.o  -o cmTC_16915 -rdynamic  
Using built-in specs.
COLLECT_GCC=/usr/bin/c++
COLLECT_LTO_WRAPPER=/usr/lib/gcc/x86_64-linux-gnu/5/lto-wrapper
Target: x86_64-linux-gnu
Configured with: ../src/configure -v --with-pkgversion='Ubuntu 5.4.0-6ubuntu1~16.04.12' --with-bugurl=file:///usr/share/doc/gcc-5/README.Bugs --enable-languages=c,ada,c++,java,go,d,fortran,objc,obj-c++ --prefix=/usr --program-suffix=-5 --enable-shared --enable-linker-build-id --libexecdir=/usr/lib --without-included-gettext --enable-threads=posix --libdir=/usr/lib --enable-nls --with-sysroot=/ --enable-clocale=gnu --enable-libstdcxx-debug --enable-libstdcxx-time=yes --with-default-libstdcxx-abi=new --enable-gnu-unique-object --disable-vtable-verify --enable-libmpx --enable-plugin --with-system-zlib --disable-browser-plugin --enable-java-awt=gtk --enable-gtk-cairo --with-java-home=/usr/lib/jvm/java-1.5.0-gcj-5-amd64/jre --enable-java-home --with-jvm-root-dir=/usr/lib/jvm/java-1.5.0-gcj-5-amd64 --with-jvm-jar-dir=/usr/lib/jvm-exports/java-1.5.0-gcj-5-amd64 --with-arch-directory=amd64 --with-ecj-jar=/usr/share/java/eclipse-ecj.jar --enable-objc-gc --enable-multiarch --disable-werror --with-arch-32=i686 --with-abi=m64 --with-multilib-list=m32,m64,mx32 --enable-multilib --with-tune=generic --enable-checking=release --build=x86_64-linux-gnu --host=x86_64-linux-gnu --target=x86_64-linux-gnu
Thread model: posix
gcc version 5.4.0 20160609 (Ubuntu 5.4.0-6ubuntu1~16.04.12) 
COMPILER_PATH=/usr/lib/gcc/x86_64-linux-gnu/5/:/usr/lib/gcc/x86_64-linux-gnu/5/:/usr/lib/gcc/x86_64-linux-gnu/:/usr/lib/gcc/x86_64-linux-gnu/5/:/usr/lib/gcc/x86_64-linux-gnu/
LIBRARY_PATH=/usr/lib/gcc/x86_64-linux-gnu/5/:/usr/lib/gcc/x86_64-linux-gnu/5/../../../x86_64-linux-gnu/:/usr/lib/gcc/x86_64-linux-gnu/5/../../../../lib/:/lib/x86_64-linux-gnu/:/lib/../lib/:/usr/lib/x86_64-linux-gnu/:/usr/lib/../lib/:/usr/lib/gcc/x86_64-linux-gnu/5/../../../:/lib/:/usr/lib/
COLLECT_GCC_OPTIONS='-v' '-o' 'cmTC_16915' '-rdynamic' '-shared-libgcc' '-mtune=generic' '-march=x86-64'
 /usr/lib/gcc/x86_64-linux-gnu/5/collect2 -plugin /usr/lib/gcc/x86_64-linux-gnu/5/liblto_plugin.so -plugin-opt=/usr/lib/gcc/x86_64-linux-gnu/5/lto-wrapper -plugin-opt=-fresolution=/tmp/ccm2YhW4.res -plugin-opt=-pass-through=-lgcc_s -plugin-opt=-pass-through=-lgcc -plugin-opt=-pass-through=-lc -plugin-opt=-pass-through=-lgcc_s -plugin-opt=-pass-through=-lgcc --sysroot=/ --build-id --eh-frame-hdr -m elf_x86_64 --hash-style=gnu --as-needed -export-dynamic -dynamic-linker /lib64/ld-linux-x86-64.so.2 -z relro -o cmTC_16915 /usr/lib/gcc/x86_64-linux-gnu/5/../../../x86_64-linux-gnu/crt1.o /usr/lib/gcc/x86_64-linux-gnu/5/../../../x86_64-linux-gnu/crti.o /usr/lib/gcc/x86_64-linux-gnu/5/crtbegin.o -L/usr/lib/gcc/x86_64-linux-gnu/5 -L/usr/lib/gcc/x86_64-linux-gnu/5/../../../x86_64-linux-gnu -L/usr/lib/gcc/x86_64-linux-gnu/5/../../../../lib -L/lib/x86_64-linux-gnu -L/lib/../lib -L/usr/lib/x86_64-linux-gnu -L/usr/lib/../lib -L/usr/lib/gcc/x86_64-linux-gnu/5/../../.. CMakeFiles/cmTC_16915.dir/CMakeCXXCompilerABI.cpp.o -lstdc++ -lm -lgcc_s -lgcc -lc -lgcc_s -lgcc /usr/lib/gcc/x86_64-linux-gnu/5/crtend.o /usr/lib/gcc/x86_64-linux-gnu/5/../../../x86_64-linux-gnu/crtn.o
make[4]: Leaving directory '/home/ubuntu/catkin_ws/build/cob_extern/opengm/EP_opengm-prefix/src/EP_opengm-build/CMakeFiles/CMakeTmp'
make[3]: Leaving directory '/home/ubuntu/catkin_ws/build/cob_extern/opengm/EP_opengm-prefix/src/EP_opengm-build/CMakeFiles/CMakeTmp'


Parsed CXX implicit link information from above output:
  link line regex: [^( *|.*[/\])(ld|([^/\]+-)?ld|collect2)[^/\]*( |$)]
  ignore line: [Change Dir: /home/ubuntu/catkin_ws/build/cob_extern/opengm/EP_opengm-prefix/src/EP_opengm-build/CMakeFiles/CMakeTmp]
  ignore line: []
  ignore line: [Run Build Command:"/usr/bin/make" "cmTC_16915/fast"]
  ignore line: [make[3]: Entering directory '/home/ubuntu/catkin_ws/build/cob_extern/opengm/EP_opengm-prefix/src/EP_opengm-build/CMakeFiles/CMakeTmp']
  ignore line: [/usr/bin/make -f CMakeFiles/cmTC_16915.dir/build.make CMakeFiles/cmTC_16915.dir/build]
  ignore line: [make[4]: Entering directory '/home/ubuntu/catkin_ws/build/cob_extern/opengm/EP_opengm-prefix/src/EP_opengm-build/CMakeFiles/CMakeTmp']
  ignore line: [Building CXX object CMakeFiles/cmTC_16915.dir/CMakeCXXCompilerABI.cpp.o]
  ignore line: [/usr/bin/c++      -o CMakeFiles/cmTC_16915.dir/CMakeCXXCompilerABI.cpp.o -c /usr/share/cmake-3.5/Modules/CMakeCXXCompilerABI.cpp]
  ignore line: [Linking CXX executable cmTC_16915]
  ignore line: [/usr/bin/cmake -E cmake_link_script CMakeFiles/cmTC_16915.dir/link.txt --verbose=1]
  ignore line: [/usr/bin/c++       -v CMakeFiles/cmTC_16915.dir/CMakeCXXCompilerABI.cpp.o  -o cmTC_16915 -rdynamic  ]
  ignore line: [Using built-in specs.]
  ignore line: [COLLECT_GCC=/usr/bin/c++]
  ignore line: [COLLECT_LTO_WRAPPER=/usr/lib/gcc/x86_64-linux-gnu/5/lto-wrapper]
  ignore line: [Target: x86_64-linux-gnu]
  ignore line: [Configured with: ../src/configure -v --with-pkgversion='Ubuntu 5.4.0-6ubuntu1~16.04.12' --with-bugurl=file:///usr/share/doc/gcc-5/README.Bugs --enable-languages=c,ada,c++,java,go,d,fortran,objc,obj-c++ --prefix=/usr --program-suffix=-5 --enable-shared --enable-linker-build-id --libexecdir=/usr/lib --without-included-gettext --enable-threads=posix --libdir=/usr/lib --enable-nls --with-sysroot=/ --enable-clocale=gnu --enable-libstdcxx-debug --enable-libstdcxx-time=yes --with-default-libstdcxx-abi=new --enable-gnu-unique-object --disable-vtable-verify --enable-libmpx --enable-plugin --with-system-zlib --disable-browser-plugin --enable-java-awt=gtk --enable-gtk-cairo --with-java-home=/usr/lib/jvm/java-1.5.0-gcj-5-amd64/jre --enable-java-home --with-jvm-root-dir=/usr/lib/jvm/java-1.5.0-gcj-5-amd64 --with-jvm-jar-dir=/usr/lib/jvm-exports/java-1.5.0-gcj-5-amd64 --with-arch-directory=amd64 --with-ecj-jar=/usr/share/java/eclipse-ecj.jar --enable-objc-gc --enable-multiarch --disable-werror --with-arch-32=i686 --with-abi=m64 --with-multilib-list=m32,m64,mx32 --enable-multilib --with-tune=generic --enable-checking=release --build=x86_64-linux-gnu --host=x86_64-linux-gnu --target=x86_64-linux-gnu]
  ignore line: [Thread model: posix]
  ignore line: [gcc version 5.4.0 20160609 (Ubuntu 5.4.0-6ubuntu1~16.04.12) ]
  ignore line: [COMPILER_PATH=/usr/lib/gcc/x86_64-linux-gnu/5/:/usr/lib/gcc/x86_64-linux-gnu/5/:/usr/lib/gcc/x86_64-linux-gnu/:/usr/lib/gcc/x86_64-linux-gnu/5/:/usr/lib/gcc/x86_64-linux-gnu/]
  ignore line: [LIBRARY_PATH=/usr/lib/gcc/x86_64-linux-gnu/5/:/usr/lib/gcc/x86_64-linux-gnu/5/../../../x86_64-linux-gnu/:/usr/lib/gcc/x86_64-linux-gnu/5/../../../../lib/:/lib/x86_64-linux-gnu/:/lib/../lib/:/usr/lib/x86_64-linux-gnu/:/usr/lib/../lib/:/usr/lib/gcc/x86_64-linux-gnu/5/../../../:/lib/:/usr/lib/]
  ignore line: [COLLECT_GCC_OPTIONS='-v' '-o' 'cmTC_16915' '-rdynamic' '-shared-libgcc' '-mtune=generic' '-march=x86-64']
  link line: [ /usr/lib/gcc/x86_64-linux-gnu/5/collect2 -plugin /usr/lib/gcc/x86_64-linux-gnu/5/liblto_plugin.so -plugin-opt=/usr/lib/gcc/x86_64-linux-gnu/5/lto-wrapper -plugin-opt=-fresolution=/tmp/ccm2YhW4.res -plugin-opt=-pass-through=-lgcc_s -plugin-opt=-pass-through=-lgcc -plugin-opt=-pass-through=-lc -plugin-opt=-pass-through=-lgcc_s -plugin-opt=-pass-through=-lgcc --sysroot=/ --build-id --eh-frame-hdr -m elf_x86_64 --hash-style=gnu --as-needed -export-dynamic -dynamic-linker /lib64/ld-linux-x86-64.so.2 -z relro -o cmTC_16915 /usr/lib/gcc/x86_64-linux-gnu/5/../../../x86_64-linux-gnu/crt1.o /usr/lib/gcc/x86_64-linux-gnu/5/../../../x86_64-linux-gnu/crti.o /usr/lib/gcc/x86_64-linux-gnu/5/crtbegin.o -L/usr/lib/gcc/x86_64-linux-gnu/5 -L/usr/lib/gcc/x86_64-linux-gnu/5/../../../x86_64-linux-gnu -L/usr/lib/gcc/x86_64-linux-gnu/5/../../../../lib -L/lib/x86_64-linux-gnu -L/lib/../lib -L/usr/lib/x86_64-linux-gnu -L/usr/lib/../lib -L/usr/lib/gcc/x86_64-linux-gnu/5/../../.. CMakeFiles/cmTC_16915.dir/CMakeCXXCompilerABI.cpp.o -lstdc++ -lm -lgcc_s -lgcc -lc -lgcc_s -lgcc /usr/lib/gcc/x86_64-linux-gnu/5/crtend.o /usr/lib/gcc/x86_64-linux-gnu/5/../../../x86_64-linux-gnu/crtn.o]
    arg [/usr/lib/gcc/x86_64-linux-gnu/5/collect2] ==> ignore
    arg [-plugin] ==> ignore
    arg [/usr/lib/gcc/x86_64-linux-gnu/5/liblto_plugin.so] ==> ignore
    arg [-plugin-opt=/usr/lib/gcc/x86_64-linux-gnu/5/lto-wrapper] ==> ignore
    arg [-plugin-opt=-fresolution=/tmp/ccm2YhW4.res] ==> ignore
    arg [-plugin-opt=-pass-through=-lgcc_s] ==> ignore
    arg [-plugin-opt=-pass-through=-lgcc] ==> ignore
    arg [-plugin-opt=-pass-through=-lc] ==> ignore
    arg [-plugin-opt=-pass-through=-lgcc_s] ==> ignore
    arg [-plugin-opt=-pass-through=-lgcc] ==> ignore
    arg [--sysroot=/] ==> ignore
    arg [--build-id] ==> ignore
    arg [--eh-frame-hdr] ==> ignore
    arg [-m] ==> ignore
    arg [elf_x86_64] ==> ignore
    arg [--hash-style=gnu] ==> ignore
    arg [--as-needed] ==> ignore
    arg [-export-dynamic] ==> ignore
    arg [-dynamic-linker] ==> ignore
    arg [/lib64/ld-linux-x86-64.so.2] ==> ignore
    arg [-zrelro] ==> ignore
    arg [-o] ==> ignore
    arg [cmTC_16915] ==> ignore
    arg [/usr/lib/gcc/x86_64-linux-gnu/5/../../../x86_64-linux-gnu/crt1.o] ==> ignore
    arg [/usr/lib/gcc/x86_64-linux-gnu/5/../../../x86_64-linux-gnu/crti.o] ==> ignore
    arg [/usr/lib/gcc/x86_64-linux-gnu/5/crtbegin.o] ==> ignore
    arg [-L/usr/lib/gcc/x86_64-linux-gnu/5] ==> dir [/usr/lib/gcc/x86_64-linux-gnu/5]
    arg [-L/usr/lib/gcc/x86_64-linux-gnu/5/../../../x86_64-linux-gnu] ==> dir [/usr/lib/gcc/x86_64-linux-gnu/5/../../../x86_64-linux-gnu]
    arg [-L/usr/lib/gcc/x86_64-linux-gnu/5/../../../../lib] ==> dir [/usr/lib/gcc/x86_64-linux-gnu/5/../../../../lib]
    arg [-L/lib/x86_64-linux-gnu] ==> dir [/lib/x86_64-linux-gnu]
    arg [-L/lib/../lib] ==> dir [/lib/../lib]
    arg [-L/usr/lib/x86_64-linux-gnu] ==> dir [/usr/lib/x86_64-linux-gnu]
    arg [-L/usr/lib/../lib] ==> dir [/usr/lib/../lib]
    arg [-L/usr/lib/gcc/x86_64-linux-gnu/5/../../..] ==> dir [/usr/lib/gcc/x86_64-linux-gnu/5/../../..]
    arg [CMakeFiles/cmTC_16915.dir/CMakeCXXCompilerABI.cpp.o] ==> ignore
    arg [-lstdc++] ==> lib [stdc++]
    arg [-lm] ==> lib [m]
    arg [-lgcc_s] ==> lib [gcc_s]
    arg [-lgcc] ==> lib [gcc]
    arg [-lc] ==> lib [c]
    arg [-lgcc_s] ==> lib [gcc_s]
    arg [-lgcc] ==> lib [gcc]
    arg [/usr/lib/gcc/x86_64-linux-gnu/5/crtend.o] ==> ignore
    arg [/usr/lib/gcc/x86_64-linux-gnu/5/../../../x86_64-linux-gnu/crtn.o] ==> ignore
  remove lib [gcc_s]
  remove lib [gcc]
  remove lib [gcc_s]
  remove lib [gcc]
  collapse library dir [/usr/lib/gcc/x86_64-linux-gnu/5] ==> [/usr/lib/gcc/x86_64-linux-gnu/5]
  collapse library dir [/usr/lib/gcc/x86_64-linux-gnu/5/../../../x86_64-linux-gnu] ==> [/usr/lib/x86_64-linux-gnu]
  collapse library dir [/usr/lib/gcc/x86_64-linux-gnu/5/../../../../lib] ==> [/usr/lib]
  collapse library dir [/lib/x86_64-linux-gnu] ==> [/lib/x86_64-linux-gnu]
  collapse library dir [/lib/../lib] ==> [/lib]
  collapse library dir [/usr/lib/x86_64-linux-gnu] ==> [/usr/lib/x86_64-linux-gnu]
  collapse library dir [/usr/lib/../lib] ==> [/usr/lib]
  collapse library dir [/usr/lib/gcc/x86_64-linux-gnu/5/../../..] ==> [/usr/lib]
  implicit libs: [stdc++;m;c]
  implicit dirs: [/usr/lib/gcc/x86_64-linux-gnu/5;/usr/lib/x86_64-linux-gnu;/usr/lib;/lib/x86_64-linux-gnu;/lib]
  implicit fwks: []




Detecting CXX [-std=c++14] compiler features compiled with the following output:
Change Dir: /home/ubuntu/catkin_ws/build/cob_extern/opengm/EP_opengm-prefix/src/EP_opengm-build/CMakeFiles/CMakeTmp

Run Build Command:"/usr/bin/make" "cmTC_ec314/fast"
make[3]: Entering directory '/home/ubuntu/catkin_ws/build/cob_extern/opengm/EP_opengm-prefix/src/EP_opengm-build/CMakeFiles/CMakeTmp'
/usr/bin/make -f CMakeFiles/cmTC_ec314.dir/build.make CMakeFiles/cmTC_ec314.dir/build
make[4]: Entering directory '/home/ubuntu/catkin_ws/build/cob_extern/opengm/EP_opengm-prefix/src/EP_opengm-build/CMakeFiles/CMakeTmp'
Building CXX object CMakeFiles/cmTC_ec314.dir/feature_tests.cxx.o
/usr/bin/c++     -std=c++14 -o CMakeFiles/cmTC_ec314.dir/feature_tests.cxx.o -c /home/ubuntu/catkin_ws/build/cob_extern/opengm/EP_opengm-prefix/src/EP_opengm-build/CMakeFiles/feature_tests.cxx
Linking CXX executable cmTC_ec314
/usr/bin/cmake -E cmake_link_script CMakeFiles/cmTC_ec314.dir/link.txt --verbose=1
/usr/bin/c++        CMakeFiles/cmTC_ec314.dir/feature_tests.cxx.o  -o cmTC_ec314 -rdynamic 
make[4]: Leaving directory '/home/ubuntu/catkin_ws/build/cob_extern/opengm/EP_opengm-prefix/src/EP_opengm-build/CMakeFiles/CMakeTmp'
make[3]: Leaving directory '/home/ubuntu/catkin_ws/build/cob_extern/opengm/EP_opengm-prefix/src/EP_opengm-build/CMakeFiles/CMakeTmp'


    Feature record: CXX_FEATURE:1cxx_aggregate_default_initializers
    Feature record: CXX_FEATURE:1cxx_alias_templates
    Feature record: CXX_FEATURE:1cxx_alignas
    Feature record: CXX_FEATURE:1cxx_alignof
    Feature record: CXX_FEATURE:1cxx_attributes
    Feature record: CXX_FEATURE:1cxx_attribute_deprecated
    Feature record: CXX_FEATURE:1cxx_auto_type
    Feature record: CXX_FEATURE:1cxx_binary_literals
    Feature record: CXX_FEATURE:1cxx_constexpr
    Feature record: CXX_FEATURE:1cxx_contextual_conversions
    Feature record: CXX_FEATURE:1cxx_decltype
    Feature record: CXX_FEATURE:1cxx_decltype_auto
    Feature record: CXX_FEATURE:1cxx_decltype_incomplete_return_types
    Feature record: CXX_FEATURE:1cxx_default_function_template_args
    Feature record: CXX_FEATURE:1cxx_defaulted_functions
    Feature record: CXX_FEATURE:1cxx_defaulted_move_initializers
    Feature record: CXX_FEATURE:1cxx_delegating_constructors
    Feature record: CXX_FEATURE:1cxx_deleted_functions
    Feature record: CXX_FEATURE:1cxx_digit_separators
    Feature record: CXX_FEATURE:1cxx_enum_forward_declarations
    Feature record: CXX_FEATURE:1cxx_explicit_conversions
    Feature record: CXX_FEATURE:1cxx_extended_friend_declarations
    Feature record: CXX_FEATURE:1cxx_extern_templates
    Feature record: CXX_FEATURE:1cxx_final
    Feature record: CXX_FEATURE:1cxx_func_identifier
    Feature record: CXX_FEATURE:1cxx_generalized_initializers
    Feature record: CXX_FEATURE:1cxx_generic_lambdas
    Feature record: CXX_FEATURE:1cxx_inheriting_constructors
    Feature record: CXX_FEATURE:1cxx_inline_namespaces
    Feature record: CXX_FEATURE:1cxx_lambdas
    Feature record: CXX_FEATURE:1cxx_lambda_init_captures
    Feature record: CXX_FEATURE:1cxx_local_type_template_args
    Feature record: CXX_FEATURE:1cxx_long_long_type
    Feature record: CXX_FEATURE:1cxx_noexcept
    Feature record: CXX_FEATURE:1cxx_nonstatic_member_init
    Feature record: CXX_FEATURE:1cxx_nullptr
    Feature record: CXX_FEATURE:1cxx_override
    Feature record: CXX_FEATURE:1cxx_range_for
    Feature record: CXX_FEATURE:1cxx_raw_string_literals
    Feature record: CXX_FEATURE:1cxx_reference_qualified_functions
    Feature record: CXX_FEATURE:1cxx_relaxed_constexpr
    Feature record: CXX_FEATURE:1cxx_return_type_deduction
    Feature record: CXX_FEATURE:1cxx_right_angle_brackets
    Feature record: CXX_FEATURE:1cxx_rvalue_references
    Feature record: CXX_FEATURE:1cxx_sizeof_member
    Feature record: CXX_FEATURE:1cxx_static_assert
    Feature record: CXX_FEATURE:1cxx_strong_enums
    Feature record: CXX_FEATURE:1cxx_template_template_parameters
    Feature record: CXX_FEATURE:1cxx_thread_local
    Feature record: CXX_FEATURE:1cxx_trailing_return_types
    Feature record: CXX_FEATURE:1cxx_unicode_literals
    Feature record: CXX_FEATURE:1cxx_uniform_initialization
    Feature record: CXX_FEATURE:1cxx_unrestricted_unions
    Feature record: CXX_FEATURE:1cxx_user_literals
    Feature record: CXX_FEATURE:1cxx_variable_templates
    Feature record: CXX_FEATURE:1cxx_variadic_macros
    Feature record: CXX_FEATURE:1cxx_variadic_templates


Detecting CXX [-std=c++11] compiler features compiled with the following output:
Change Dir: /home/ubuntu/catkin_ws/build/cob_extern/opengm/EP_opengm-prefix/src/EP_opengm-build/CMakeFiles/CMakeTmp

Run Build Command:"/usr/bin/make" "cmTC_9b023/fast"
make[3]: Entering directory '/home/ubuntu/catkin_ws/build/cob_extern/opengm/EP_opengm-prefix/src/EP_opengm-build/CMakeFiles/CMakeTmp'
/usr/bin/make -f CMakeFiles/cmTC_9b023.dir/build.make CMakeFiles/cmTC_9b023.dir/build
make[4]: Entering directory '/home/ubuntu/catkin_ws/build/cob_extern/opengm/EP_opengm-prefix/src/EP_opengm-build/CMakeFiles/CMakeTmp'
Building CXX object CMakeFiles/cmTC_9b023.dir/feature_tests.cxx.o
/usr/bin/c++     -std=c++11 -o CMakeFiles/cmTC_9b023.dir/feature_tests.cxx.o -c /home/ubuntu/catkin_ws/build/cob_extern/opengm/EP_opengm-prefix/src/EP_opengm-build/CMakeFiles/feature_tests.cxx
Linking CXX executable cmTC_9b023
/usr/bin/cmake -E cmake_link_script CMakeFiles/cmTC_9b023.dir/link.txt --verbose=1
/usr/bin/c++        CMakeFiles/cmTC_9b023.dir/feature_tests.cxx.o  -o cmTC_9b023 -rdynamic 
make[4]: Leaving directory '/home/ubuntu/catkin_ws/build/cob_extern/opengm/EP_opengm-prefix/src/EP_opengm-build/CMakeFiles/CMakeTmp'
make[3]: Leaving directory '/home/ubuntu/catkin_ws/build/cob_extern/opengm/EP_opengm-prefix/src/EP_opengm-build/CMakeFiles/CMakeTmp'


    Feature record: CXX_FEATURE:0cxx_aggregate_default_initializers
    Feature record: CXX_FEATURE:1cxx_alias_templates
    Feature record: CXX_FEATURE:1cxx_alignas
    Feature record: CXX_FEATURE:1cxx_alignof
    Feature record: CXX_FEATURE:1cxx_attributes
    Feature record: CXX_FEATURE:0cxx_attribute_deprecated
    Feature record: CXX_FEATURE:1cxx_auto_type
    Feature record: CXX_FEATURE:0cxx_binary_literals
    Feature record: CXX_FEATURE:1cxx_constexpr
    Feature record: CXX_FEATURE:0cxx_contextual_conversions
    Feature record: CXX_FEATURE:1cxx_decltype
    Feature record: CXX_FEATURE:0cxx_decltype_auto
    Feature record: CXX_FEATURE:1cxx_decltype_incomplete_return_types
    Feature record: CXX_FEATURE:1cxx_default_function_template_args
    Feature record: CXX_FEATURE:1cxx_defaulted_functions
    Feature record: CXX_FEATURE:1cxx_defaulted_move_initializers
    Feature record: CXX_FEATURE:1cxx_delegating_constructors
    Feature record: CXX_FEATURE:1cxx_deleted_functions
    Feature record: CXX_FEATURE:0cxx_digit_separators
    Feature record: CXX_FEATURE:1cxx_enum_forward_declarations
    Feature record: CXX_FEATURE:1cxx_explicit_conversions
    Feature record: CXX_FEATURE:1cxx_extended_friend_declarations
    Feature record: CXX_FEATURE:1cxx_extern_templates
    Feature record: CXX_FEATURE:1cxx_final
    Feature record: CXX_FEATURE:1cxx_func_identifier
    Feature record: CXX_FEATURE:1cxx_generalized_initializers
    Feature record: CXX_FEATURE:0cxx_generic_lambdas
    Feature record: CXX_FEATURE:1cxx_inheriting_constructors
    Feature record: CXX_FEATURE:1cxx_inline_namespaces
    Feature record: CXX_FEATURE:1cxx_lambdas
    Feature record: CXX_FEATURE:0cxx_lambda_init_captures
    Feature record: CXX_FEATURE:1cxx_local_type_template_args
    Feature record: CXX_FEATURE:1cxx_long_long_type
    Feature record: CXX_FEATURE:1cxx_noexcept
    Feature record: CXX_FEATURE:1cxx_nonstatic_member_init
    Feature record: CXX_FEATURE:1cxx_nullptr
    Feature record: CXX_FEATURE:1cxx_override
    Feature record: CXX_FEATURE:1cxx_range_for
    Feature record: CXX_FEATURE:1cxx_raw_string_literals
    Feature record: CXX_FEATURE:1cxx_reference_qualified_functions
    Feature record: CXX_FEATURE:0cxx_relaxed_constexpr
    Feature record: CXX_FEATURE:0cxx_return_type_deduction
    Feature record: CXX_FEATURE:1cxx_right_angle_brackets
    Feature record: CXX_FEATURE:1cxx_rvalue_references
    Feature record: CXX_FEATURE:1cxx_sizeof_member
    Feature record: CXX_FEATURE:1cxx_static_assert
    Feature record: CXX_FEATURE:1cxx_strong_enums
    Feature record: CXX_FEATURE:1cxx_template_template_parameters
    Feature record: CXX_FEATURE:1cxx_thread_local
    Feature record: CXX_FEATURE:1cxx_trailing_return_types
    Feature record: CXX_FEATURE:1cxx_unicode_literals
    Feature record: CXX_FEATURE:1cxx_uniform_initialization
    Feature record: CXX_FEATURE:1cxx_unrestricted_unions
    Feature record: CXX_FEATURE:1cxx_user_literals
    Feature record: CXX_FEATURE:0cxx_variable_templates
    Feature record: CXX_FEATURE:1cxx_variadic_macros
    Feature record: CXX_FEATURE:1cxx_variadic_templates


Detecting CXX [-std=c++98] compiler features compiled with the following output:
Change Dir: /home/ubuntu/catkin_ws/build/cob_extern/opengm/EP_opengm-prefix/src/EP_opengm-build/CMakeFiles/CMakeTmp

Run Build Command:"/usr/bin/make" "cmTC_3e357/fast"
make[3]: Entering directory '/home/ubuntu/catkin_ws/build/cob_extern/opengm/EP_opengm-prefix/src/EP_opengm-build/CMakeFiles/CMakeTmp'
/usr/bin/make -f CMakeFiles/cmTC_3e357.dir/build.make CMakeFiles/cmTC_3e357.dir/build
make[4]: Entering directory '/home/ubuntu/catkin_ws/build/cob_extern/opengm/EP_opengm-prefix/src/EP_opengm-build/CMakeFiles/CMakeTmp'
Building CXX object CMakeFiles/cmTC_3e357.dir/feature_tests.cxx.o
/usr/bin/c++     -std=c++98 -o CMakeFiles/cmTC_3e357.dir/feature_tests.cxx.o -c /home/ubuntu/catkin_ws/build/cob_extern/opengm/EP_opengm-prefix/src/EP_opengm-build/CMakeFiles/feature_tests.cxx
Linking CXX executable cmTC_3e357
/usr/bin/cmake -E cmake_link_script CMakeFiles/cmTC_3e357.dir/link.txt --verbose=1
/usr/bin/c++        CMakeFiles/cmTC_3e357.dir/feature_tests.cxx.o  -o cmTC_3e357 -rdynamic 
make[4]: Leaving directory '/home/ubuntu/catkin_ws/build/cob_extern/opengm/EP_opengm-prefix/src/EP_opengm-build/CMakeFiles/CMakeTmp'
make[3]: Leaving directory '/home/ubuntu/catkin_ws/build/cob_extern/opengm/EP_opengm-prefix/src/EP_opengm-build/CMakeFiles/CMakeTmp'


    Feature record: CXX_FEATURE:0cxx_aggregate_default_initializers
    Feature record: CXX_FEATURE:0cxx_alias_templates
    Feature record: CXX_FEATURE:0cxx_alignas
    Feature record: CXX_FEATURE:0cxx_alignof
    Feature record: CXX_FEATURE:0cxx_attributes
    Feature record: CXX_FEATURE:0cxx_attribute_deprecated
    Feature record: CXX_FEATURE:0cxx_auto_type
    Feature record: CXX_FEATURE:0cxx_binary_literals
    Feature record: CXX_FEATURE:0cxx_constexpr
    Feature record: CXX_FEATURE:0cxx_contextual_conversions
    Feature record: CXX_FEATURE:0cxx_decltype
    Feature record: CXX_FEATURE:0cxx_decltype_auto
    Feature record: CXX_FEATURE:0cxx_decltype_incomplete_return_types
    Feature record: CXX_FEATURE:0cxx_default_function_template_args
    Feature record: CXX_FEATURE:0cxx_defaulted_functions
    Feature record: CXX_FEATURE:0cxx_defaulted_move_initializers
    Feature record: CXX_FEATURE:0cxx_delegating_constructors
    Feature record: CXX_FEATURE:0cxx_deleted_functions
    Feature record: CXX_FEATURE:0cxx_digit_separators
    Feature record: CXX_FEATURE:0cxx_enum_forward_declarations
    Feature record: CXX_FEATURE:0cxx_explicit_conversions
    Feature record: CXX_FEATURE:0cxx_extended_friend_declarations
    Feature record: CXX_FEATURE:0cxx_extern_templates
    Feature record: CXX_FEATURE:0cxx_final
    Feature record: CXX_FEATURE:0cxx_func_identifier
    Feature record: CXX_FEATURE:0cxx_generalized_initializers
    Feature record: CXX_FEATURE:0cxx_generic_lambdas
    Feature record: CXX_FEATURE:0cxx_inheriting_constructors
    Feature record: CXX_FEATURE:0cxx_inline_namespaces
    Feature record: CXX_FEATURE:0cxx_lambdas
    Feature record: CXX_FEATURE:0cxx_lambda_init_captures
    Feature record: CXX_FEATURE:0cxx_local_type_template_args
    Feature record: CXX_FEATURE:0cxx_long_long_type
    Feature record: CXX_FEATURE:0cxx_noexcept
    Feature record: CXX_FEATURE:0cxx_nonstatic_member_init
    Feature record: CXX_FEATURE:0cxx_nullptr
    Feature record: CXX_FEATURE:0cxx_override
    Feature record: CXX_FEATURE:0cxx_range_for
    Feature record: CXX_FEATURE:0cxx_raw_string_literals
    Feature record: CXX_FEATURE:0cxx_reference_qualified_functions
    Feature record: CXX_FEATURE:0cxx_relaxed_constexpr
    Feature record: CXX_FEATURE:0cxx_return_type_deduction
    Feature record: CXX_FEATURE:0cxx_right_angle_brackets
    Feature record: CXX_FEATURE:0cxx_rvalue_references
    Feature record: CXX_FEATURE:0cxx_sizeof_member
    Feature record: CXX_FEATURE:0cxx_static_assert
    Feature record: CXX_FEATURE:0cxx_strong_enums
    Feature record: CXX_FEATURE:1cxx_template_template_parameters
    Feature record: CXX_FEATURE:0cxx_thread_local
    Feature record: CXX_FEATURE:0cxx_trailing_return_types
    Feature record: CXX_FEATURE:0cxx_unicode_literals
    Feature record: CXX_FEATURE:0cxx_uniform_initialization
    Feature record: CXX_FEATURE:0cxx_unrestricted_unions
    Feature record: CXX_FEATURE:0cxx_user_literals
    Feature record: CXX_FEATURE:0cxx_variable_templates
    Feature record: CXX_FEATURE:0cxx_variadic_macros
    Feature record: CXX_FEATURE:0cxx_variadic_templates
Determining if the include file pthread.h exists passed with the following output:
Change Dir: /home/ubuntu/catkin_ws/build/cob_extern/opengm/EP_opengm-prefix/src/EP_opengm-build/CMakeFiles/CMakeTmp

Run Build Command:"/usr/bin/make" "cmTC_4d438/fast"
make[3]: Entering directory '/home/ubuntu/catkin_ws/build/cob_extern/opengm/EP_opengm-prefix/src/EP_opengm-build/CMakeFiles/CMakeTmp'
/usr/bin/make -f CMakeFiles/cmTC_4d438.dir/build.make CMakeFiles/cmTC_4d438.dir/build
make[4]: Entering directory '/home/ubuntu/catkin_ws/build/cob_extern/opengm/EP_opengm-prefix/src/EP_opengm-build/CMakeFiles/CMakeTmp'
Building C object CMakeFiles/cmTC_4d438.dir/CheckIncludeFile.c.o
/usr/bin/cc     -o CMakeFiles/cmTC_4d438.dir/CheckIncludeFile.c.o   -c /home/ubuntu/catkin_ws/build/cob_extern/opengm/EP_opengm-prefix/src/EP_opengm-build/CMakeFiles/CMakeTmp/CheckIncludeFile.c
Linking C executable cmTC_4d438
/usr/bin/cmake -E cmake_link_script CMakeFiles/cmTC_4d438.dir/link.txt --verbose=1
/usr/bin/cc       CMakeFiles/cmTC_4d438.dir/CheckIncludeFile.c.o  -o cmTC_4d438 -rdynamic 
make[4]: Leaving directory '/home/ubuntu/catkin_ws/build/cob_extern/opengm/EP_opengm-prefix/src/EP_opengm-build/CMakeFiles/CMakeTmp'
make[3]: Leaving directory '/home/ubuntu/catkin_ws/build/cob_extern/opengm/EP_opengm-prefix/src/EP_opengm-build/CMakeFiles/CMakeTmp'


Determining if the function pthread_create exists in the pthread passed with the following output:
Change Dir: /home/ubuntu/catkin_ws/build/cob_extern/opengm/EP_opengm-prefix/src/EP_opengm-build/CMakeFiles/CMakeTmp

Run Build Command:"/usr/bin/make" "cmTC_24cd4/fast"
make[3]: Entering directory '/home/ubuntu/catkin_ws/build/cob_extern/opengm/EP_opengm-prefix/src/EP_opengm-build/CMakeFiles/CMakeTmp'
/usr/bin/make -f CMakeFiles/cmTC_24cd4.dir/build.make CMakeFiles/cmTC_24cd4.dir/build
make[4]: Entering directory '/home/ubuntu/catkin_ws/build/cob_extern/opengm/EP_opengm-prefix/src/EP_opengm-build/CMakeFiles/CMakeTmp'
Building C object CMakeFiles/cmTC_24cd4.dir/CheckFunctionExists.c.o
/usr/bin/cc    -DCHECK_FUNCTION_EXISTS=pthread_create   -o CMakeFiles/cmTC_24cd4.dir/CheckFunctionExists.c.o   -c /usr/share/cmake-3.5/Modules/CheckFunctionExists.c
Linking C executable cmTC_24cd4
/usr/bin/cmake -E cmake_link_script CMakeFiles/cmTC_24cd4.dir/link.txt --verbose=1
/usr/bin/cc   -DCHECK_FUNCTION_EXISTS=pthread_create    CMakeFiles/cmTC_24cd4.dir/CheckFunctionExists.c.o  -o cmTC_24cd4 -rdynamic -lpthread 
make[4]: Leaving directory '/home/ubuntu/catkin_ws/build/cob_extern/opengm/EP_opengm-prefix/src/EP_opengm-build/CMakeFiles/CMakeTmp'
make[3]: Leaving directory '/home/ubuntu/catkin_ws/build/cob_extern/opengm/EP_opengm-prefix/src/EP_opengm-build/CMakeFiles/CMakeTmp'


Determining if the include file sys/types.h exists passed with the following output:
Change Dir: /home/ubuntu/catkin_ws/build/cob_extern/opengm/EP_opengm-prefix/src/EP_opengm-build/CMakeFiles/CMakeTmp

Run Build Command:"/usr/bin/make" "cmTC_d0d63/fast"
make[3]: Entering directory '/home/ubuntu/catkin_ws/build/cob_extern/opengm/EP_opengm-prefix/src/EP_opengm-build/CMakeFiles/CMakeTmp'
/usr/bin/make -f CMakeFiles/cmTC_d0d63.dir/build.make CMakeFiles/cmTC_d0d63.dir/build
make[4]: Entering directory '/home/ubuntu/catkin_ws/build/cob_extern/opengm/EP_opengm-prefix/src/EP_opengm-build/CMakeFiles/CMakeTmp'
Building C object CMakeFiles/cmTC_d0d63.dir/CheckIncludeFile.c.o
/usr/bin/cc     -o CMakeFiles/cmTC_d0d63.dir/CheckIncludeFile.c.o   -c /home/ubuntu/catkin_ws/build/cob_extern/opengm/EP_opengm-prefix/src/EP_opengm-build/CMakeFiles/CMakeTmp/CheckIncludeFile.c
Linking C executable cmTC_d0d63
/usr/bin/cmake -E cmake_link_script CMakeFiles/cmTC_d0d63.dir/link.txt --verbose=1
/usr/bin/cc       CMakeFiles/cmTC_d0d63.dir/CheckIncludeFile.c.o  -o cmTC_d0d63 -rdynamic 
make[4]: Leaving directory '/home/ubuntu/catkin_ws/build/cob_extern/opengm/EP_opengm-prefix/src/EP_opengm-build/CMakeFiles/CMakeTmp'
make[3]: Leaving directory '/home/ubuntu/catkin_ws/build/cob_extern/opengm/EP_opengm-prefix/src/EP_opengm-build/CMakeFiles/CMakeTmp'


Determining if the include file stdint.h exists passed with the following output:
Change Dir: /home/ubuntu/catkin_ws/build/cob_extern/opengm/EP_opengm-prefix/src/EP_opengm-build/CMakeFiles/CMakeTmp

Run Build Command:"/usr/bin/make" "cmTC_0ea7b/fast"
make[3]: Entering directory '/home/ubuntu/catkin_ws/build/cob_extern/opengm/EP_opengm-prefix/src/EP_opengm-build/CMakeFiles/CMakeTmp'
/usr/bin/make -f CMakeFiles/cmTC_0ea7b.dir/build.make CMakeFiles/cmTC_0ea7b.dir/build
make[4]: Entering directory '/home/ubuntu/catkin_ws/build/cob_extern/opengm/EP_opengm-prefix/src/EP_opengm-build/CMakeFiles/CMakeTmp'
Building C object CMakeFiles/cmTC_0ea7b.dir/CheckIncludeFile.c.o
/usr/bin/cc     -o CMakeFiles/cmTC_0ea7b.dir/CheckIncludeFile.c.o   -c /home/ubuntu/catkin_ws/build/cob_extern/opengm/EP_opengm-prefix/src/EP_opengm-build/CMakeFiles/CMakeTmp/CheckIncludeFile.c
Linking C executable cmTC_0ea7b
/usr/bin/cmake -E cmake_link_script CMakeFiles/cmTC_0ea7b.dir/link.txt --verbose=1
/usr/bin/cc       CMakeFiles/cmTC_0ea7b.dir/CheckIncludeFile.c.o  -o cmTC_0ea7b -rdynamic 
make[4]: Leaving directory '/home/ubuntu/catkin_ws/build/cob_extern/opengm/EP_opengm-prefix/src/EP_opengm-build/CMakeFiles/CMakeTmp'
make[3]: Leaving directory '/home/ubuntu/catkin_ws/build/cob_extern/opengm/EP_opengm-prefix/src/EP_opengm-build/CMakeFiles/CMakeTmp'


Determining if the include file stddef.h exists passed with the following output:
Change Dir: /home/ubuntu/catkin_ws/build/cob_extern/opengm/EP_opengm-prefix/src/EP_opengm-build/CMakeFiles/CMakeTmp

Run Build Command:"/usr/bin/make" "cmTC_334df/fast"
make[3]: Entering directory '/home/ubuntu/catkin_ws/build/cob_extern/opengm/EP_opengm-prefix/src/EP_opengm-build/CMakeFiles/CMakeTmp'
/usr/bin/make -f CMakeFiles/cmTC_334df.dir/build.make CMakeFiles/cmTC_334df.dir/build
make[4]: Entering directory '/home/ubuntu/catkin_ws/build/cob_extern/opengm/EP_opengm-prefix/src/EP_opengm-build/CMakeFiles/CMakeTmp'
Building C object CMakeFiles/cmTC_334df.dir/CheckIncludeFile.c.o
/usr/bin/cc     -o CMakeFiles/cmTC_334df.dir/CheckIncludeFile.c.o   -c /home/ubuntu/catkin_ws/build/cob_extern/opengm/EP_opengm-prefix/src/EP_opengm-build/CMakeFiles/CMakeTmp/CheckIncludeFile.c
Linking C executable cmTC_334df
/usr/bin/cmake -E cmake_link_script CMakeFiles/cmTC_334df.dir/link.txt --verbose=1
/usr/bin/cc       CMakeFiles/cmTC_334df.dir/CheckIncludeFile.c.o  -o cmTC_334df -rdynamic 
make[4]: Leaving directory '/home/ubuntu/catkin_ws/build/cob_extern/opengm/EP_opengm-prefix/src/EP_opengm-build/CMakeFiles/CMakeTmp'
make[3]: Leaving directory '/home/ubuntu/catkin_ws/build/cob_extern/opengm/EP_opengm-prefix/src/EP_opengm-build/CMakeFiles/CMakeTmp'


Determining size of char passed with the following output:
Change Dir: /home/ubuntu/catkin_ws/build/cob_extern/opengm/EP_opengm-prefix/src/EP_opengm-build/CMakeFiles/CMakeTmp

Run Build Command:"/usr/bin/make" "cmTC_852aa/fast"
make[3]: Entering directory '/home/ubuntu/catkin_ws/build/cob_extern/opengm/EP_opengm-prefix/src/EP_opengm-build/CMakeFiles/CMakeTmp'
/usr/bin/make -f CMakeFiles/cmTC_852aa.dir/build.make CMakeFiles/cmTC_852aa.dir/build
make[4]: Entering directory '/home/ubuntu/catkin_ws/build/cob_extern/opengm/EP_opengm-prefix/src/EP_opengm-build/CMakeFiles/CMakeTmp'
Building C object CMakeFiles/cmTC_852aa.dir/OPENGM_SIZE_OF_CHAR.c.o
/usr/bin/cc     -o CMakeFiles/cmTC_852aa.dir/OPENGM_SIZE_OF_CHAR.c.o   -c /home/ubuntu/catkin_ws/build/cob_extern/opengm/EP_opengm-prefix/src/EP_opengm-build/CMakeFiles/CheckTypeSize/OPENGM_SIZE_OF_CHAR.c
Linking C executable cmTC_852aa
/usr/bin/cmake -E cmake_link_script CMakeFiles/cmTC_852aa.dir/link.txt --verbose=1
/usr/bin/cc       CMakeFiles/cmTC_852aa.dir/OPENGM_SIZE_OF_CHAR.c.o  -o cmTC_852aa -rdynamic 
make[4]: Leaving directory '/home/ubuntu/catkin_ws/build/cob_extern/opengm/EP_opengm-prefix/src/EP_opengm-build/CMakeFiles/CMakeTmp'
make[3]: Leaving directory '/home/ubuntu/catkin_ws/build/cob_extern/opengm/EP_opengm-prefix/src/EP_opengm-build/CMakeFiles/CMakeTmp'


Determining size of signed char passed with the following output:
Change Dir: /home/ubuntu/catkin_ws/build/cob_extern/opengm/EP_opengm-prefix/src/EP_opengm-build/CMakeFiles/CMakeTmp

Run Build Command:"/usr/bin/make" "cmTC_ac165/fast"
make[3]: Entering directory '/home/ubuntu/catkin_ws/build/cob_extern/opengm/EP_opengm-prefix/src/EP_opengm-build/CMakeFiles/CMakeTmp'
/usr/bin/make -f CMakeFiles/cmTC_ac165.dir/build.make CMakeFiles/cmTC_ac165.dir/build
make[4]: Entering directory '/home/ubuntu/catkin_ws/build/cob_extern/opengm/EP_opengm-prefix/src/EP_opengm-build/CMakeFiles/CMakeTmp'
Building C object CMakeFiles/cmTC_ac165.dir/OPENGM_SIZE_OF_SIGNED_CHAR.c.o
/usr/bin/cc     -o CMakeFiles/cmTC_ac165.dir/OPENGM_SIZE_OF_SIGNED_CHAR.c.o   -c /home/ubuntu/catkin_ws/build/cob_extern/opengm/EP_opengm-prefix/src/EP_opengm-build/CMakeFiles/CheckTypeSize/OPENGM_SIZE_OF_SIGNED_CHAR.c
Linking C executable cmTC_ac165
/usr/bin/cmake -E cmake_link_script CMakeFiles/cmTC_ac165.dir/link.txt --verbose=1
/usr/bin/cc       CMakeFiles/cmTC_ac165.dir/OPENGM_SIZE_OF_SIGNED_CHAR.c.o  -o cmTC_ac165 -rdynamic 
make[4]: Leaving directory '/home/ubuntu/catkin_ws/build/cob_extern/opengm/EP_opengm-prefix/src/EP_opengm-build/CMakeFiles/CMakeTmp'
make[3]: Leaving directory '/home/ubuntu/catkin_ws/build/cob_extern/opengm/EP_opengm-prefix/src/EP_opengm-build/CMakeFiles/CMakeTmp'


Determining size of unsigned char passed with the following output:
Change Dir: /home/ubuntu/catkin_ws/build/cob_extern/opengm/EP_opengm-prefix/src/EP_opengm-build/CMakeFiles/CMakeTmp

Run Build Command:"/usr/bin/make" "cmTC_0f44a/fast"
make[3]: Entering directory '/home/ubuntu/catkin_ws/build/cob_extern/opengm/EP_opengm-prefix/src/EP_opengm-build/CMakeFiles/CMakeTmp'
/usr/bin/make -f CMakeFiles/cmTC_0f44a.dir/build.make CMakeFiles/cmTC_0f44a.dir/build
make[4]: Entering directory '/home/ubuntu/catkin_ws/build/cob_extern/opengm/EP_opengm-prefix/src/EP_opengm-build/CMakeFiles/CMakeTmp'
Building C object CMakeFiles/cmTC_0f44a.dir/OPENGM_SIZE_OF_UNSIGNED_CHAR.c.o
/usr/bin/cc     -o CMakeFiles/cmTC_0f44a.dir/OPENGM_SIZE_OF_UNSIGNED_CHAR.c.o   -c /home/ubuntu/catkin_ws/build/cob_extern/opengm/EP_opengm-prefix/src/EP_opengm-build/CMakeFiles/CheckTypeSize/OPENGM_SIZE_OF_UNSIGNED_CHAR.c
Linking C executable cmTC_0f44a
/usr/bin/cmake -E cmake_link_script CMakeFiles/cmTC_0f44a.dir/link.txt --verbose=1
/usr/bin/cc       CMakeFiles/cmTC_0f44a.dir/OPENGM_SIZE_OF_UNSIGNED_CHAR.c.o  -o cmTC_0f44a -rdynamic 
make[4]: Leaving directory '/home/ubuntu/catkin_ws/build/cob_extern/opengm/EP_opengm-prefix/src/EP_opengm-build/CMakeFiles/CMakeTmp'
make[3]: Leaving directory '/home/ubuntu/catkin_ws/build/cob_extern/opengm/EP_opengm-prefix/src/EP_opengm-build/CMakeFiles/CMakeTmp'


Determining size of wchar_t passed with the following output:
Change Dir: /home/ubuntu/catkin_ws/build/cob_extern/opengm/EP_opengm-prefix/src/EP_opengm-build/CMakeFiles/CMakeTmp

Run Build Command:"/usr/bin/make" "cmTC_b9b41/fast"
make[3]: Entering directory '/home/ubuntu/catkin_ws/build/cob_extern/opengm/EP_opengm-prefix/src/EP_opengm-build/CMakeFiles/CMakeTmp'
/usr/bin/make -f CMakeFiles/cmTC_b9b41.dir/build.make CMakeFiles/cmTC_b9b41.dir/build
make[4]: Entering directory '/home/ubuntu/catkin_ws/build/cob_extern/opengm/EP_opengm-prefix/src/EP_opengm-build/CMakeFiles/CMakeTmp'
Building C object CMakeFiles/cmTC_b9b41.dir/OPENGM_SIZE_OF_WCHAR_T.c.o
/usr/bin/cc     -o CMakeFiles/cmTC_b9b41.dir/OPENGM_SIZE_OF_WCHAR_T.c.o   -c /home/ubuntu/catkin_ws/build/cob_extern/opengm/EP_opengm-prefix/src/EP_opengm-build/CMakeFiles/CheckTypeSize/OPENGM_SIZE_OF_WCHAR_T.c
Linking C executable cmTC_b9b41
/usr/bin/cmake -E cmake_link_script CMakeFiles/cmTC_b9b41.dir/link.txt --verbose=1
/usr/bin/cc       CMakeFiles/cmTC_b9b41.dir/OPENGM_SIZE_OF_WCHAR_T.c.o  -o cmTC_b9b41 -rdynamic 
make[4]: Leaving directory '/home/ubuntu/catkin_ws/build/cob_extern/opengm/EP_opengm-prefix/src/EP_opengm-build/CMakeFiles/CMakeTmp'
make[3]: Leaving directory '/home/ubuntu/catkin_ws/build/cob_extern/opengm/EP_opengm-prefix/src/EP_opengm-build/CMakeFiles/CMakeTmp'


Determining size of short passed with the following output:
Change Dir: /home/ubuntu/catkin_ws/build/cob_extern/opengm/EP_opengm-prefix/src/EP_opengm-build/CMakeFiles/CMakeTmp

Run Build Command:"/usr/bin/make" "cmTC_b377c/fast"
make[3]: Entering directory '/home/ubuntu/catkin_ws/build/cob_extern/opengm/EP_opengm-prefix/src/EP_opengm-build/CMakeFiles/CMakeTmp'
/usr/bin/make -f CMakeFiles/cmTC_b377c.dir/build.make CMakeFiles/cmTC_b377c.dir/build
make[4]: Entering directory '/home/ubuntu/catkin_ws/build/cob_extern/opengm/EP_opengm-prefix/src/EP_opengm-build/CMakeFiles/CMakeTmp'
Building C object CMakeFiles/cmTC_b377c.dir/OPENGM_SIZE_OF_SHORT.c.o
/usr/bin/cc     -o CMakeFiles/cmTC_b377c.dir/OPENGM_SIZE_OF_SHORT.c.o   -c /home/ubuntu/catkin_ws/build/cob_extern/opengm/EP_opengm-prefix/src/EP_opengm-build/CMakeFiles/CheckTypeSize/OPENGM_SIZE_OF_SHORT.c
Linking C executable cmTC_b377c
/usr/bin/cmake -E cmake_link_script CMakeFiles/cmTC_b377c.dir/link.txt --verbose=1
/usr/bin/cc       CMakeFiles/cmTC_b377c.dir/OPENGM_SIZE_OF_SHORT.c.o  -o cmTC_b377c -rdynamic 
make[4]: Leaving directory '/home/ubuntu/catkin_ws/build/cob_extern/opengm/EP_opengm-prefix/src/EP_opengm-build/CMakeFiles/CMakeTmp'
make[3]: Leaving directory '/home/ubuntu/catkin_ws/build/cob_extern/opengm/EP_opengm-prefix/src/EP_opengm-build/CMakeFiles/CMakeTmp'


Determining size of unsigned short passed with the following output:
Change Dir: /home/ubuntu/catkin_ws/build/cob_extern/opengm/EP_opengm-prefix/src/EP_opengm-build/CMakeFiles/CMakeTmp

Run Build Command:"/usr/bin/make" "cmTC_5549a/fast"
make[3]: Entering directory '/home/ubuntu/catkin_ws/build/cob_extern/opengm/EP_opengm-prefix/src/EP_opengm-build/CMakeFiles/CMakeTmp'
/usr/bin/make -f CMakeFiles/cmTC_5549a.dir/build.make CMakeFiles/cmTC_5549a.dir/build
make[4]: Entering directory '/home/ubuntu/catkin_ws/build/cob_extern/opengm/EP_opengm-prefix/src/EP_opengm-build/CMakeFiles/CMakeTmp'
Building C object CMakeFiles/cmTC_5549a.dir/OPENGM_SIZE_OF_UNSIGNED_SHORT.c.o
/usr/bin/cc     -o CMakeFiles/cmTC_5549a.dir/OPENGM_SIZE_OF_UNSIGNED_SHORT.c.o   -c /home/ubuntu/catkin_ws/build/cob_extern/opengm/EP_opengm-prefix/src/EP_opengm-build/CMakeFiles/CheckTypeSize/OPENGM_SIZE_OF_UNSIGNED_SHORT.c
Linking C executable cmTC_5549a
/usr/bin/cmake -E cmake_link_script CMakeFiles/cmTC_5549a.dir/link.txt --verbose=1
/usr/bin/cc       CMakeFiles/cmTC_5549a.dir/OPENGM_SIZE_OF_UNSIGNED_SHORT.c.o  -o cmTC_5549a -rdynamic 
make[4]: Leaving directory '/home/ubuntu/catkin_ws/build/cob_extern/opengm/EP_opengm-prefix/src/EP_opengm-build/CMakeFiles/CMakeTmp'
make[3]: Leaving directory '/home/ubuntu/catkin_ws/build/cob_extern/opengm/EP_opengm-prefix/src/EP_opengm-build/CMakeFiles/CMakeTmp'


Determining size of int passed with the following output:
Change Dir: /home/ubuntu/catkin_ws/build/cob_extern/opengm/EP_opengm-prefix/src/EP_opengm-build/CMakeFiles/CMakeTmp

Run Build Command:"/usr/bin/make" "cmTC_8d0ec/fast"
make[3]: Entering directory '/home/ubuntu/catkin_ws/build/cob_extern/opengm/EP_opengm-prefix/src/EP_opengm-build/CMakeFiles/CMakeTmp'
/usr/bin/make -f CMakeFiles/cmTC_8d0ec.dir/build.make CMakeFiles/cmTC_8d0ec.dir/build
make[4]: Entering directory '/home/ubuntu/catkin_ws/build/cob_extern/opengm/EP_opengm-prefix/src/EP_opengm-build/CMakeFiles/CMakeTmp'
Building C object CMakeFiles/cmTC_8d0ec.dir/OPENGM_SIZE_OF_INT.c.o
/usr/bin/cc     -o CMakeFiles/cmTC_8d0ec.dir/OPENGM_SIZE_OF_INT.c.o   -c /home/ubuntu/catkin_ws/build/cob_extern/opengm/EP_opengm-prefix/src/EP_opengm-build/CMakeFiles/CheckTypeSize/OPENGM_SIZE_OF_INT.c
Linking C executable cmTC_8d0ec
/usr/bin/cmake -E cmake_link_script CMakeFiles/cmTC_8d0ec.dir/link.txt --verbose=1
/usr/bin/cc       CMakeFiles/cmTC_8d0ec.dir/OPENGM_SIZE_OF_INT.c.o  -o cmTC_8d0ec -rdynamic 
make[4]: Leaving directory '/home/ubuntu/catkin_ws/build/cob_extern/opengm/EP_opengm-prefix/src/EP_opengm-build/CMakeFiles/CMakeTmp'
make[3]: Leaving directory '/home/ubuntu/catkin_ws/build/cob_extern/opengm/EP_opengm-prefix/src/EP_opengm-build/CMakeFiles/CMakeTmp'


Determining size of unsigned int passed with the following output:
Change Dir: /home/ubuntu/catkin_ws/build/cob_extern/opengm/EP_opengm-prefix/src/EP_opengm-build/CMakeFiles/CMakeTmp

Run Build Command:"/usr/bin/make" "cmTC_30943/fast"
make[3]: Entering directory '/home/ubuntu/catkin_ws/build/cob_extern/opengm/EP_opengm-prefix/src/EP_opengm-build/CMakeFiles/CMakeTmp'
/usr/bin/make -f CMakeFiles/cmTC_30943.dir/build.make CMakeFiles/cmTC_30943.dir/build
make[4]: Entering directory '/home/ubuntu/catkin_ws/build/cob_extern/opengm/EP_opengm-prefix/src/EP_opengm-build/CMakeFiles/CMakeTmp'
Building C object CMakeFiles/cmTC_30943.dir/OPENGM_SIZE_OF_UNSIGNED_INT.c.o
/usr/bin/cc     -o CMakeFiles/cmTC_30943.dir/OPENGM_SIZE_OF_UNSIGNED_INT.c.o   -c /home/ubuntu/catkin_ws/build/cob_extern/opengm/EP_opengm-prefix/src/EP_opengm-build/CMakeFiles/CheckTypeSize/OPENGM_SIZE_OF_UNSIGNED_INT.c
Linking C executable cmTC_30943
/usr/bin/cmake -E cmake_link_script CMakeFiles/cmTC_30943.dir/link.txt --verbose=1
/usr/bin/cc       CMakeFiles/cmTC_30943.dir/OPENGM_SIZE_OF_UNSIGNED_INT.c.o  -o cmTC_30943 -rdynamic 
make[4]: Leaving directory '/home/ubuntu/catkin_ws/build/cob_extern/opengm/EP_opengm-prefix/src/EP_opengm-build/CMakeFiles/CMakeTmp'
make[3]: Leaving directory '/home/ubuntu/catkin_ws/build/cob_extern/opengm/EP_opengm-prefix/src/EP_opengm-build/CMakeFiles/CMakeTmp'


Determining size of long passed with the following output:
Change Dir: /home/ubuntu/catkin_ws/build/cob_extern/opengm/EP_opengm-prefix/src/EP_opengm-build/CMakeFiles/CMakeTmp

Run Build Command:"/usr/bin/make" "cmTC_2a005/fast"
make[3]: Entering directory '/home/ubuntu/catkin_ws/build/cob_extern/opengm/EP_opengm-prefix/src/EP_opengm-build/CMakeFiles/CMakeTmp'
/usr/bin/make -f CMakeFiles/cmTC_2a005.dir/build.make CMakeFiles/cmTC_2a005.dir/build
make[4]: Entering directory '/home/ubuntu/catkin_ws/build/cob_extern/opengm/EP_opengm-prefix/src/EP_opengm-build/CMakeFiles/CMakeTmp'
Building C object CMakeFiles/cmTC_2a005.dir/OPENGM_SIZE_OF_LONG.c.o
/usr/bin/cc     -o CMakeFiles/cmTC_2a005.dir/OPENGM_SIZE_OF_LONG.c.o   -c /home/ubuntu/catkin_ws/build/cob_extern/opengm/EP_opengm-prefix/src/EP_opengm-build/CMakeFiles/CheckTypeSize/OPENGM_SIZE_OF_LONG.c
Linking C executable cmTC_2a005
/usr/bin/cmake -E cmake_link_script CMakeFiles/cmTC_2a005.dir/link.txt --verbose=1
/usr/bin/cc       CMakeFiles/cmTC_2a005.dir/OPENGM_SIZE_OF_LONG.c.o  -o cmTC_2a005 -rdynamic 
make[4]: Leaving directory '/home/ubuntu/catkin_ws/build/cob_extern/opengm/EP_opengm-prefix/src/EP_opengm-build/CMakeFiles/CMakeTmp'
make[3]: Leaving directory '/home/ubuntu/catkin_ws/build/cob_extern/opengm/EP_opengm-prefix/src/EP_opengm-build/CMakeFiles/CMakeTmp'


Determining size of unsigned long passed with the following output:
Change Dir: /home/ubuntu/catkin_ws/build/cob_extern/opengm/EP_opengm-prefix/src/EP_opengm-build/CMakeFiles/CMakeTmp

Run Build Command:"/usr/bin/make" "cmTC_27c03/fast"
make[3]: Entering directory '/home/ubuntu/catkin_ws/build/cob_extern/opengm/EP_opengm-prefix/src/EP_opengm-build/CMakeFiles/CMakeTmp'
/usr/bin/make -f CMakeFiles/cmTC_27c03.dir/build.make CMakeFiles/cmTC_27c03.dir/build
make[4]: Entering directory '/home/ubuntu/catkin_ws/build/cob_extern/opengm/EP_opengm-prefix/src/EP_opengm-build/CMakeFiles/CMakeTmp'
Building C object CMakeFiles/cmTC_27c03.dir/OPENGM_SIZE_OF_UNSIGNED_LONG.c.o
/usr/bin/cc     -o CMakeFiles/cmTC_27c03.dir/OPENGM_SIZE_OF_UNSIGNED_LONG.c.o   -c /home/ubuntu/catkin_ws/build/cob_extern/opengm/EP_opengm-prefix/src/EP_opengm-build/CMakeFiles/CheckTypeSize/OPENGM_SIZE_OF_UNSIGNED_LONG.c
Linking C executable cmTC_27c03
/usr/bin/cmake -E cmake_link_script CMakeFiles/cmTC_27c03.dir/link.txt --verbose=1
/usr/bin/cc       CMakeFiles/cmTC_27c03.dir/OPENGM_SIZE_OF_UNSIGNED_LONG.c.o  -o cmTC_27c03 -rdynamic 
make[4]: Leaving directory '/home/ubuntu/catkin_ws/build/cob_extern/opengm/EP_opengm-prefix/src/EP_opengm-build/CMakeFiles/CMakeTmp'
make[3]: Leaving directory '/home/ubuntu/catkin_ws/build/cob_extern/opengm/EP_opengm-prefix/src/EP_opengm-build/CMakeFiles/CMakeTmp'


Determining size of long long passed with the following output:
Change Dir: /home/ubuntu/catkin_ws/build/cob_extern/opengm/EP_opengm-prefix/src/EP_opengm-build/CMakeFiles/CMakeTmp

Run Build Command:"/usr/bin/make" "cmTC_fa8de/fast"
make[3]: Entering directory '/home/ubuntu/catkin_ws/build/cob_extern/opengm/EP_opengm-prefix/src/EP_opengm-build/CMakeFiles/CMakeTmp'
/usr/bin/make -f CMakeFiles/cmTC_fa8de.dir/build.make CMakeFiles/cmTC_fa8de.dir/build
make[4]: Entering directory '/home/ubuntu/catkin_ws/build/cob_extern/opengm/EP_opengm-prefix/src/EP_opengm-build/CMakeFiles/CMakeTmp'
Building C object CMakeFiles/cmTC_fa8de.dir/OPENGM_SIZE_OF_LONG_LONG.c.o
/usr/bin/cc     -o CMakeFiles/cmTC_fa8de.dir/OPENGM_SIZE_OF_LONG_LONG.c.o   -c /home/ubuntu/catkin_ws/build/cob_extern/opengm/EP_opengm-prefix/src/EP_opengm-build/CMakeFiles/CheckTypeSize/OPENGM_SIZE_OF_LONG_LONG.c
Linking C executable cmTC_fa8de
/usr/bin/cmake -E cmake_link_script CMakeFiles/cmTC_fa8de.dir/link.txt --verbose=1
/usr/bin/cc       CMakeFiles/cmTC_fa8de.dir/OPENGM_SIZE_OF_LONG_LONG.c.o  -o cmTC_fa8de -rdynamic 
make[4]: Leaving directory '/home/ubuntu/catkin_ws/build/cob_extern/opengm/EP_opengm-prefix/src/EP_opengm-build/CMakeFiles/CMakeTmp'
make[3]: Leaving directory '/home/ubuntu/catkin_ws/build/cob_extern/opengm/EP_opengm-prefix/src/EP_opengm-build/CMakeFiles/CMakeTmp'


Determining size of unsigned long long passed with the following output:
Change Dir: /home/ubuntu/catkin_ws/build/cob_extern/opengm/EP_opengm-prefix/src/EP_opengm-build/CMakeFiles/CMakeTmp

Run Build Command:"/usr/bin/make" "cmTC_0afb3/fast"
make[3]: Entering directory '/home/ubuntu/catkin_ws/build/cob_extern/opengm/EP_opengm-prefix/src/EP_opengm-build/CMakeFiles/CMakeTmp'
/usr/bin/make -f CMakeFiles/cmTC_0afb3.dir/build.make CMakeFiles/cmTC_0afb3.dir/build
make[4]: Entering directory '/home/ubuntu/catkin_ws/build/cob_extern/opengm/EP_opengm-prefix/src/EP_opengm-build/CMakeFiles/CMakeTmp'
Building C object CMakeFiles/cmTC_0afb3.dir/OPENGM_SIZE_OF_UNSIGNED_LONG_LONG.c.o
/usr/bin/cc     -o CMakeFiles/cmTC_0afb3.dir/OPENGM_SIZE_OF_UNSIGNED_LONG_LONG.c.o   -c /home/ubuntu/catkin_ws/build/cob_extern/opengm/EP_opengm-prefix/src/EP_opengm-build/CMakeFiles/CheckTypeSize/OPENGM_SIZE_OF_UNSIGNED_LONG_LONG.c
Linking C executable cmTC_0afb3
/usr/bin/cmake -E cmake_link_script CMakeFiles/cmTC_0afb3.dir/link.txt --verbose=1
/usr/bin/cc       CMakeFiles/cmTC_0afb3.dir/OPENGM_SIZE_OF_UNSIGNED_LONG_LONG.c.o  -o cmTC_0afb3 -rdynamic 
make[4]: Leaving directory '/home/ubuntu/catkin_ws/build/cob_extern/opengm/EP_opengm-prefix/src/EP_opengm-build/CMakeFiles/CMakeTmp'
make[3]: Leaving directory '/home/ubuntu/catkin_ws/build/cob_extern/opengm/EP_opengm-prefix/src/EP_opengm-build/CMakeFiles/CMakeTmp'


Determining size of float passed with the following output:
Change Dir: /home/ubuntu/catkin_ws/build/cob_extern/opengm/EP_opengm-prefix/src/EP_opengm-build/CMakeFiles/CMakeTmp

Run Build Command:"/usr/bin/make" "cmTC_5a371/fast"
make[3]: Entering directory '/home/ubuntu/catkin_ws/build/cob_extern/opengm/EP_opengm-prefix/src/EP_opengm-build/CMakeFiles/CMakeTmp'
/usr/bin/make -f CMakeFiles/cmTC_5a371.dir/build.make CMakeFiles/cmTC_5a371.dir/build
make[4]: Entering directory '/home/ubuntu/catkin_ws/build/cob_extern/opengm/EP_opengm-prefix/src/EP_opengm-build/CMakeFiles/CMakeTmp'
Building C object CMakeFiles/cmTC_5a371.dir/OPENGM_SIZE_OF_FLOAT.c.o
/usr/bin/cc     -o CMakeFiles/cmTC_5a371.dir/OPENGM_SIZE_OF_FLOAT.c.o   -c /home/ubuntu/catkin_ws/build/cob_extern/opengm/EP_opengm-prefix/src/EP_opengm-build/CMakeFiles/CheckTypeSize/OPENGM_SIZE_OF_FLOAT.c
Linking C executable cmTC_5a371
/usr/bin/cmake -E cmake_link_script CMakeFiles/cmTC_5a371.dir/link.txt --verbose=1
/usr/bin/cc       CMakeFiles/cmTC_5a371.dir/OPENGM_SIZE_OF_FLOAT.c.o  -o cmTC_5a371 -rdynamic 
make[4]: Leaving directory '/home/ubuntu/catkin_ws/build/cob_extern/opengm/EP_opengm-prefix/src/EP_opengm-build/CMakeFiles/CMakeTmp'
make[3]: Leaving directory '/home/ubuntu/catkin_ws/build/cob_extern/opengm/EP_opengm-prefix/src/EP_opengm-build/CMakeFiles/CMakeTmp'


Determining size of double passed with the following output:
Change Dir: /home/ubuntu/catkin_ws/build/cob_extern/opengm/EP_opengm-prefix/src/EP_opengm-build/CMakeFiles/CMakeTmp

Run Build Command:"/usr/bin/make" "cmTC_92b6c/fast"
make[3]: Entering directory '/home/ubuntu/catkin_ws/build/cob_extern/opengm/EP_opengm-prefix/src/EP_opengm-build/CMakeFiles/CMakeTmp'
/usr/bin/make -f CMakeFiles/cmTC_92b6c.dir/build.make CMakeFiles/cmTC_92b6c.dir/build
make[4]: Entering directory '/home/ubuntu/catkin_ws/build/cob_extern/opengm/EP_opengm-prefix/src/EP_opengm-build/CMakeFiles/CMakeTmp'
Building C object CMakeFiles/cmTC_92b6c.dir/OPENGM_SIZE_OF_DOUBLE.c.o
/usr/bin/cc     -o CMakeFiles/cmTC_92b6c.dir/OPENGM_SIZE_OF_DOUBLE.c.o   -c /home/ubuntu/catkin_ws/build/cob_extern/opengm/EP_opengm-prefix/src/EP_opengm-build/CMakeFiles/CheckTypeSize/OPENGM_SIZE_OF_DOUBLE.c
Linking C executable cmTC_92b6c
/usr/bin/cmake -E cmake_link_script CMakeFiles/cmTC_92b6c.dir/link.txt --verbose=1
/usr/bin/cc       CMakeFiles/cmTC_92b6c.dir/OPENGM_SIZE_OF_DOUBLE.c.o  -o cmTC_92b6c -rdynamic 
make[4]: Leaving directory '/home/ubuntu/catkin_ws/build/cob_extern/opengm/EP_opengm-prefix/src/EP_opengm-build/CMakeFiles/CMakeTmp'
make[3]: Leaving directory '/home/ubuntu/catkin_ws/build/cob_extern/opengm/EP_opengm-prefix/src/EP_opengm-build/CMakeFiles/CMakeTmp'


Determining size of long double passed with the following output:
Change Dir: /home/ubuntu/catkin_ws/build/cob_extern/opengm/EP_opengm-prefix/src/EP_opengm-build/CMakeFiles/CMakeTmp

Run Build Command:"/usr/bin/make" "cmTC_c1638/fast"
make[3]: Entering directory '/home/ubuntu/catkin_ws/build/cob_extern/opengm/EP_opengm-prefix/src/EP_opengm-build/CMakeFiles/CMakeTmp'
/usr/bin/make -f CMakeFiles/cmTC_c1638.dir/build.make CMakeFiles/cmTC_c1638.dir/build
make[4]: Entering directory '/home/ubuntu/catkin_ws/build/cob_extern/opengm/EP_opengm-prefix/src/EP_opengm-build/CMakeFiles/CMakeTmp'
Building C object CMakeFiles/cmTC_c1638.dir/OPENGM_SIZE_OF_LONG_DOUBLE.c.o
/usr/bin/cc     -o CMakeFiles/cmTC_c1638.dir/OPENGM_SIZE_OF_LONG_DOUBLE.c.o   -c /home/ubuntu/catkin_ws/build/cob_extern/opengm/EP_opengm-prefix/src/EP_opengm-build/CMakeFiles/CheckTypeSize/OPENGM_SIZE_OF_LONG_DOUBLE.c
Linking C executable cmTC_c1638
/usr/bin/cmake -E cmake_link_script CMakeFiles/cmTC_c1638.dir/link.txt --verbose=1
/usr/bin/cc       CMakeFiles/cmTC_c1638.dir/OPENGM_SIZE_OF_LONG_DOUBLE.c.o  -o cmTC_c1638 -rdynamic 
make[4]: Leaving directory '/home/ubuntu/catkin_ws/build/cob_extern/opengm/EP_opengm-prefix/src/EP_opengm-build/CMakeFiles/CMakeTmp'
make[3]: Leaving directory '/home/ubuntu/catkin_ws/build/cob_extern/opengm/EP_opengm-prefix/src/EP_opengm-build/CMakeFiles/CMakeTmp'


